<?xml version="1.0" encoding="UTF-8"?>
<!-- Generated by org.testng.reporters.JUnitReportReporter -->
<testsuite skipped="0" hostname="DESKTOP-JKE93UK" name="com.softserve.edu.opencart.test.RegistrationTest" tests="1" failures="0" timestamp="08 дек 2018 23:15:28 GMT" time="3.698" errors="1">
  <testcase name="checkLogin" time="3.698" classname="com.softserve.edu.opencart.test.RegistrationTest">
    <error type="java.lang.StackOverflowError">
      <![CDATA[java.lang.StackOverflowError
at com.softserve.edu.opencart.pages.AHeadPage.getDropdownOptions(AHeadPage.java:179)
at com.softserve.edu.opencart.pages.AHeadPage.getDropdownOptions(AHeadPage.java:179)
at com.softserve.edu.opencart.pages.AHeadPage.getDropdownOptions(AHeadPage.java:179)
at com.softserve.edu.opencart.pages.AHeadPage.getDropdownOptions(AHeadPage.java:179)
at com.softserve.edu.opencart.pages.AHeadPage.getDropdownOptions(AHeadPage.java:179)
at com.softserve.edu.opencart.pages.AHeadPage.getDropdownOptions(AHeadPage.java:179)
at com.softserve.edu.opencart.pages.AHeadPage.getDropdownOptions(AHeadPage.java:179)
at com.softserve.edu.opencart.pages.AHeadPage.getDropdownOptions(AHeadPage.java:179)
at com.softserve.edu.opencart.pages.AHeadPage.getDropdownOptions(AHeadPage.java:179)
at com.softserve.edu.opencart.pages.AHeadPage.getDropdownOptions(AHeadPage.java:179)
at com.softserve.edu.opencart.pages.AHeadPage.getDropdownOptions(AHeadPage.java:179)
at com.softserve.edu.opencart.pages.AHeadPage.getDropdownOptions(AHeadPage.java:179)
at com.softserve.edu.opencart.pages.AHeadPage.getDropdownOptions(AHeadPage.java:179)
at com.softserve.edu.opencart.pages.AHeadPage.getDropdownOptions(AHeadPage.java:179)
at com.softserve.edu.opencart.pages.AHeadPage.getDropdownOptions(AHeadPage.java:179)
at com.softserve.edu.opencart.pages.AHeadPage.getDropdownOptions(AHeadPage.java:179)
at com.softserve.edu.opencart.pages.AHeadPage.getDropdownOptions(AHeadPage.java:179)
at com.softserve.edu.opencart.pages.AHeadPage.getDropdownOptions(AHeadPage.java:179)
at com.softserve.edu.opencart.pages.AHeadPage.getDropdownOptions(AHeadPage.java:179)
at com.softserve.edu.opencart.pages.AHeadPage.getDropdownOptions(AHeadPage.java:179)
at com.softserve.edu.opencart.pages.AHeadPage.getDropdownOptions(AHeadPage.java:179)
at com.softserve.edu.opencart.pages.AHeadPage.getDropdownOptions(AHeadPage.java:179)
at com.softserve.edu.opencart.pages.AHeadPage.getDropdownOptions(AHeadPage.java:179)
at com.softserve.edu.opencart.pages.AHeadPage.getDropdownOptions(AHeadPage.java:179)
at com.softserve.edu.opencart.pages.AHeadPage.getDropdownOptions(AHeadPage.java:179)
at com.softserve.edu.opencart.pages.AHeadPage.getDropdownOptions(AHeadPage.java:179)
at com.softserve.edu.opencart.pages.AHeadPage.getDropdownOptions(AHeadPage.java:179)
at com.softserve.edu.opencart.pages.AHeadPage.getDropdownOptions(AHeadPage.java:179)
at com.softserve.edu.opencart.pages.AHeadPage.getDropdownOptions(AHeadPage.java:179)
at com.softserve.edu.opencart.pages.AHeadPage.getDropdownOptions(AHeadPage.java:179)
at com.softserve.edu.opencart.pages.AHeadPage.getDropdownOptions(AHeadPage.java:179)
at com.softserve.edu.opencart.pages.AHeadPage.getDropdownOptions(AHeadPage.java:179)
at com.softserve.edu.opencart.pages.AHeadPage.getDropdownOptions(AHeadPage.java:179)
at com.softserve.edu.opencart.pages.AHeadPage.getDropdownOptions(AHeadPage.java:179)
at com.softserve.edu.opencart.pages.AHeadPage.getDropdownOptions(AHeadPage.java:179)
at com.softserve.edu.opencart.pages.AHeadPage.getDropdownOptions(AHeadPage.java:179)
at com.softserve.edu.opencart.pages.AHeadPage.getDropdownOptions(AHeadPage.java:179)
at com.softserve.edu.opencart.pages.AHeadPage.getDropdownOptions(AHeadPage.java:179)
at com.softserve.edu.opencart.pages.AHeadPage.getDropdownOptions(AHeadPage.java:179)
at com.softserve.edu.opencart.pages.AHeadPage.getDropdownOptions(AHeadPage.java:179)
at com.softserve.edu.opencart.pages.AHeadPage.getDropdownOptions(AHeadPage.java:179)
at com.softserve.edu.opencart.pages.AHeadPage.getDropdownOptions(AHeadPage.java:179)
at com.softserve.edu.opencart.pages.AHeadPage.getDropdownOptions(AHeadPage.java:179)
at com.softserve.edu.opencart.pages.AHeadPage.getDropdownOptions(AHeadPage.java:179)
at com.softserve.edu.opencart.pages.AHeadPage.getDropdownOptions(AHeadPage.java:179)
at com.softserve.edu.opencart.pages.AHeadPage.getDropdownOptions(AHeadPage.java:179)
at com.softserve.edu.opencart.pages.AHeadPage.getDropdownOptions(AHeadPage.java:179)
at com.softserve.edu.opencart.pages.AHeadPage.getDropdownOptions(AHeadPage.java:179)
at com.softserve.edu.opencart.pages.AHeadPage.getDropdownOptions(AHeadPage.java:179)
at com.softserve.edu.opencart.pages.AHeadPage.getDropdownOptions(AHeadPage.java:179)
at com.softserve.edu.opencart.pages.AHeadPage.getDropdownOptions(AHeadPage.java:179)
at com.softserve.edu.opencart.pages.AHeadPage.getDropdownOptions(AHeadPage.java:179)
at com.softserve.edu.opencart.pages.AHeadPage.getDropdownOptions(AHeadPage.java:179)
at com.softserve.edu.opencart.pages.AHeadPage.getDropdownOptions(AHeadPage.java:179)
at com.softserve.edu.opencart.pages.AHeadPage.getDropdownOptions(AHeadPage.java:179)
at com.softserve.edu.opencart.pages.AHeadPage.getDropdownOptions(AHeadPage.java:179)
at com.softserve.edu.opencart.pages.AHeadPage.getDropdownOptions(AHeadPage.java:179)
at com.softserve.edu.opencart.pages.AHeadPage.getDropdownOptions(AHeadPage.java:179)
at com.softserve.edu.opencart.pages.AHeadPage.getDropdownOptions(AHeadPage.java:179)
at com.softserve.edu.opencart.pages.AHeadPage.getDropdownOptions(AHeadPage.java:179)
at com.softserve.edu.opencart.pages.AHeadPage.getDropdownOptions(AHeadPage.java:179)
at com.softserve.edu.opencart.pages.AHeadPage.getDropdownOptions(AHeadPage.java:179)
at com.softserve.edu.opencart.pages.AHeadPage.getDropdownOptions(AHeadPage.java:179)
at com.softserve.edu.opencart.pages.AHeadPage.getDropdownOptions(AHeadPage.java:179)
at com.softserve.edu.opencart.pages.AHeadPage.getDropdownOptions(AHeadPage.java:179)
at com.softserve.edu.opencart.pages.AHeadPage.getDropdownOptions(AHeadPage.java:179)
at com.softserve.edu.opencart.pages.AHeadPage.getDropdownOptions(AHeadPage.java:179)
at com.softserve.edu.opencart.pages.AHeadPage.getDropdownOptions(AHeadPage.java:179)
at com.softserve.edu.opencart.pages.AHeadPage.getDropdownOptions(AHeadPage.java:179)
at com.softserve.edu.opencart.pages.AHeadPage.getDropdownOptions(AHeadPage.java:179)
at com.softserve.edu.opencart.pages.AHeadPage.getDropdownOptions(AHeadPage.java:179)
at com.softserve.edu.opencart.pages.AHeadPage.getDropdownOptions(AHeadPage.java:179)
at com.softserve.edu.opencart.pages.AHeadPage.getDropdownOptions(AHeadPage.java:179)
at com.softserve.edu.opencart.pages.AHeadPage.getDropdownOptions(AHeadPage.java:179)
at com.softserve.edu.opencart.pages.AHeadPage.getDropdownOptions(AHeadPage.java:179)
at com.softserve.edu.opencart.pages.AHeadPage.getDropdownOptions(AHeadPage.java:179)
at com.softserve.edu.opencart.pages.AHeadPage.getDropdownOptions(AHeadPage.java:179)
at com.softserve.edu.opencart.pages.AHeadPage.getDropdownOptions(AHeadPage.java:179)
at com.softserve.edu.opencart.pages.AHeadPage.getDropdownOptions(AHeadPage.java:179)
at com.softserve.edu.opencart.pages.AHeadPage.getDropdownOptions(AHeadPage.java:179)
at com.softserve.edu.opencart.pages.AHeadPage.getDropdownOptions(AHeadPage.java:179)
at com.softserve.edu.opencart.pages.AHeadPage.getDropdownOptions(AHeadPage.java:179)
at com.softserve.edu.opencart.pages.AHeadPage.getDropdownOptions(AHeadPage.java:179)
at com.softserve.edu.opencart.pages.AHeadPage.getDropdownOptions(AHeadPage.java:179)
at com.softserve.edu.opencart.pages.AHeadPage.getDropdownOptions(AHeadPage.java:179)
at com.softserve.edu.opencart.pages.AHeadPage.getDropdownOptions(AHeadPage.java:179)
at com.softserve.edu.opencart.pages.AHeadPage.getDropdownOptions(AHeadPage.java:179)
at com.softserve.edu.opencart.pages.AHeadPage.getDropdownOptions(AHeadPage.java:179)
at com.softserve.edu.opencart.pages.AHeadPage.getDropdownOptions(AHeadPage.java:179)
at com.softserve.edu.opencart.pages.AHeadPage.getDropdownOptions(AHeadPage.java:179)
at com.softserve.edu.opencart.pages.AHeadPage.getDropdownOptions(AHeadPage.java:179)
at com.softserve.edu.opencart.pages.AHeadPage.getDropdownOptions(AHeadPage.java:179)
at com.softserve.edu.opencart.pages.AHeadPage.getDropdownOptions(AHeadPage.java:179)
at com.softserve.edu.opencart.pages.AHeadPage.getDropdownOptions(AHeadPage.java:179)
at com.softserve.edu.opencart.pages.AHeadPage.getDropdownOptions(AHeadPage.java:179)
at com.softserve.edu.opencart.pages.AHeadPage.getDropdownOptions(AHeadPage.java:179)
at com.softserve.edu.opencart.pages.AHeadPage.getDropdownOptions(AHeadPage.java:179)
at com.softserve.edu.opencart.pages.AHeadPage.getDropdownOptions(AHeadPage.java:179)
at com.softserve.edu.opencart.pages.AHeadPage.getDropdownOptions(AHeadPage.java:179)
at com.softserve.edu.opencart.pages.AHeadPage.getDropdownOptions(AHeadPage.java:179)
at com.softserve.edu.opencart.pages.AHeadPage.getDropdownOptions(AHeadPage.java:179)
at com.softserve.edu.opencart.pages.AHeadPage.getDropdownOptions(AHeadPage.java:179)
at com.softserve.edu.opencart.pages.AHeadPage.getDropdownOptions(AHeadPage.java:179)
at com.softserve.edu.opencart.pages.AHeadPage.getDropdownOptions(AHeadPage.java:179)
at com.softserve.edu.opencart.pages.AHeadPage.getDropdownOptions(AHeadPage.java:179)
at com.softserve.edu.opencart.pages.AHeadPage.getDropdownOptions(AHeadPage.java:179)
at com.softserve.edu.opencart.pages.AHeadPage.getDropdownOptions(AHeadPage.java:179)
at com.softserve.edu.opencart.pages.AHeadPage.getDropdownOptions(AHeadPage.java:179)
at com.softserve.edu.opencart.pages.AHeadPage.getDropdownOptions(AHeadPage.java:179)
at com.softserve.edu.opencart.pages.AHeadPage.getDropdownOptions(AHeadPage.java:179)
at com.softserve.edu.opencart.pages.AHeadPage.getDropdownOptions(AHeadPage.java:179)
at com.softserve.edu.opencart.pages.AHeadPage.getDropdownOptions(AHeadPage.java:179)
at com.softserve.edu.opencart.pages.AHeadPage.getDropdownOptions(AHeadPage.java:179)
at com.softserve.edu.opencart.pages.AHeadPage.getDropdownOptions(AHeadPage.java:179)
at com.softserve.edu.opencart.pages.AHeadPage.getDropdownOptions(AHeadPage.java:179)
at com.softserve.edu.opencart.pages.AHeadPage.getDropdownOptions(AHeadPage.java:179)
at com.softserve.edu.opencart.pages.AHeadPage.getDropdownOptions(AHeadPage.java:179)
at com.softserve.edu.opencart.pages.AHeadPage.getDropdownOptions(AHeadPage.java:179)
at com.softserve.edu.opencart.pages.AHeadPage.getDropdownOptions(AHeadPage.java:179)
at com.softserve.edu.opencart.pages.AHeadPage.getDropdownOptions(AHeadPage.java:179)
at com.softserve.edu.opencart.pages.AHeadPage.getDropdownOptions(AHeadPage.java:179)
at com.softserve.edu.opencart.pages.AHeadPage.getDropdownOptions(AHeadPage.java:179)
at com.softserve.edu.opencart.pages.AHeadPage.getDropdownOptions(AHeadPage.java:179)
at com.softserve.edu.opencart.pages.AHeadPage.getDropdownOptions(AHeadPage.java:179)
at com.softserve.edu.opencart.pages.AHeadPage.getDropdownOptions(AHeadPage.java:179)
at com.softserve.edu.opencart.pages.AHeadPage.getDropdownOptions(AHeadPage.java:179)
at com.softserve.edu.opencart.pages.AHeadPage.getDropdownOptions(AHeadPage.java:179)
at com.softserve.edu.opencart.pages.AHeadPage.getDropdownOptions(AHeadPage.java:179)
at com.softserve.edu.opencart.pages.AHeadPage.getDropdownOptions(AHeadPage.java:179)
at com.softserve.edu.opencart.pages.AHeadPage.getDropdownOptions(AHeadPage.java:179)
at com.softserve.edu.opencart.pages.AHeadPage.getDropdownOptions(AHeadPage.java:179)
at com.softserve.edu.opencart.pages.AHeadPage.getDropdownOptions(AHeadPage.java:179)
at com.softserve.edu.opencart.pages.AHeadPage.getDropdownOptions(AHeadPage.java:179)
at com.softserve.edu.opencart.pages.AHeadPage.getDropdownOptions(AHeadPage.java:179)
at com.softserve.edu.opencart.pages.AHeadPage.getDropdownOptions(AHeadPage.java:179)
at com.softserve.edu.opencart.pages.AHeadPage.getDropdownOptions(AHeadPage.java:179)
at com.softserve.edu.opencart.pages.AHeadPage.getDropdownOptions(AHeadPage.java:179)
at com.softserve.edu.opencart.pages.AHeadPage.getDropdownOptions(AHeadPage.java:179)
at com.softserve.edu.opencart.pages.AHeadPage.getDropdownOptions(AHeadPage.java:179)
at com.softserve.edu.opencart.pages.AHeadPage.getDropdownOptions(AHeadPage.java:179)
at com.softserve.edu.opencart.pages.AHeadPage.getDropdownOptions(AHeadPage.java:179)
at com.softserve.edu.opencart.pages.AHeadPage.getDropdownOptions(AHeadPage.java:179)
at com.softserve.edu.opencart.pages.AHeadPage.getDropdownOptions(AHeadPage.java:179)
at com.softserve.edu.opencart.pages.AHeadPage.getDropdownOptions(AHeadPage.java:179)
at com.softserve.edu.opencart.pages.AHeadPage.getDropdownOptions(AHeadPage.java:179)
at com.softserve.edu.opencart.pages.AHeadPage.getDropdownOptions(AHeadPage.java:179)
at com.softserve.edu.opencart.pages.AHeadPage.getDropdownOptions(AHeadPage.java:179)
at com.softserve.edu.opencart.pages.AHeadPage.getDropdownOptions(AHeadPage.java:179)
at com.softserve.edu.opencart.pages.AHeadPage.getDropdownOptions(AHeadPage.java:179)
at com.softserve.edu.opencart.pages.AHeadPage.getDropdownOptions(AHeadPage.java:179)
at com.softserve.edu.opencart.pages.AHeadPage.getDropdownOptions(AHeadPage.java:179)
at com.softserve.edu.opencart.pages.AHeadPage.getDropdownOptions(AHeadPage.java:179)
at com.softserve.edu.opencart.pages.AHeadPage.getDropdownOptions(AHeadPage.java:179)
at com.softserve.edu.opencart.pages.AHeadPage.getDropdownOptions(AHeadPage.java:179)
at com.softserve.edu.opencart.pages.AHeadPage.getDropdownOptions(AHeadPage.java:179)
at com.softserve.edu.opencart.pages.AHeadPage.getDropdownOptions(AHeadPage.java:179)
at com.softserve.edu.opencart.pages.AHeadPage.getDropdownOptions(AHeadPage.java:179)
at com.softserve.edu.opencart.pages.AHeadPage.getDropdownOptions(AHeadPage.java:179)
at com.softserve.edu.opencart.pages.AHeadPage.getDropdownOptions(AHeadPage.java:179)
at com.softserve.edu.opencart.pages.AHeadPage.getDropdownOptions(AHeadPage.java:179)
at com.softserve.edu.opencart.pages.AHeadPage.getDropdownOptions(AHeadPage.java:179)
at com.softserve.edu.opencart.pages.AHeadPage.getDropdownOptions(AHeadPage.java:179)
at com.softserve.edu.opencart.pages.AHeadPage.getDropdownOptions(AHeadPage.java:179)
at com.softserve.edu.opencart.pages.AHeadPage.getDropdownOptions(AHeadPage.java:179)
at com.softserve.edu.opencart.pages.AHeadPage.getDropdownOptions(AHeadPage.java:179)
at com.softserve.edu.opencart.pages.AHeadPage.getDropdownOptions(AHeadPage.java:179)
at com.softserve.edu.opencart.pages.AHeadPage.getDropdownOptions(AHeadPage.java:179)
at com.softserve.edu.opencart.pages.AHeadPage.getDropdownOptions(AHeadPage.java:179)
at com.softserve.edu.opencart.pages.AHeadPage.getDropdownOptions(AHeadPage.java:179)
at com.softserve.edu.opencart.pages.AHeadPage.getDropdownOptions(AHeadPage.java:179)
at com.softserve.edu.opencart.pages.AHeadPage.getDropdownOptions(AHeadPage.java:179)
at com.softserve.edu.opencart.pages.AHeadPage.getDropdownOptions(AHeadPage.java:179)
at com.softserve.edu.opencart.pages.AHeadPage.getDropdownOptions(AHeadPage.java:179)
at com.softserve.edu.opencart.pages.AHeadPage.getDropdownOptions(AHeadPage.java:179)
at com.softserve.edu.opencart.pages.AHeadPage.getDropdownOptions(AHeadPage.java:179)
at com.softserve.edu.opencart.pages.AHeadPage.getDropdownOptions(AHeadPage.java:179)
at com.softserve.edu.opencart.pages.AHeadPage.getDropdownOptions(AHeadPage.java:179)
at com.softserve.edu.opencart.pages.AHeadPage.getDropdownOptions(AHeadPage.java:179)
at com.softserve.edu.opencart.pages.AHeadPage.getDropdownOptions(AHeadPage.java:179)
at com.softserve.edu.opencart.pages.AHeadPage.getDropdownOptions(AHeadPage.java:179)
at com.softserve.edu.opencart.pages.AHeadPage.getDropdownOptions(AHeadPage.java:179)
at com.softserve.edu.opencart.pages.AHeadPage.getDropdownOptions(AHeadPage.java:179)
at com.softserve.edu.opencart.pages.AHeadPage.getDropdownOptions(AHeadPage.java:179)
at com.softserve.edu.opencart.pages.AHeadPage.getDropdownOptions(AHeadPage.java:179)
at com.softserve.edu.opencart.pages.AHeadPage.getDropdownOptions(AHeadPage.java:179)
at com.softserve.edu.opencart.pages.AHeadPage.getDropdownOptions(AHeadPage.java:179)
at com.softserve.edu.opencart.pages.AHeadPage.getDropdownOptions(AHeadPage.java:179)
at com.softserve.edu.opencart.pages.AHeadPage.getDropdownOptions(AHeadPage.java:179)
at com.softserve.edu.opencart.pages.AHeadPage.getDropdownOptions(AHeadPage.java:179)
at com.softserve.edu.opencart.pages.AHeadPage.getDropdownOptions(AHeadPage.java:179)
at com.softserve.edu.opencart.pages.AHeadPage.getDropdownOptions(AHeadPage.java:179)
at com.softserve.edu.opencart.pages.AHeadPage.getDropdownOptions(AHeadPage.java:179)
at com.softserve.edu.opencart.pages.AHeadPage.getDropdownOptions(AHeadPage.java:179)
at com.softserve.edu.opencart.pages.AHeadPage.getDropdownOptions(AHeadPage.java:179)
at com.softserve.edu.opencart.pages.AHeadPage.getDropdownOptions(AHeadPage.java:179)
at com.softserve.edu.opencart.pages.AHeadPage.getDropdownOptions(AHeadPage.java:179)
at com.softserve.edu.opencart.pages.AHeadPage.getDropdownOptions(AHeadPage.java:179)
at com.softserve.edu.opencart.pages.AHeadPage.getDropdownOptions(AHeadPage.java:179)
at com.softserve.edu.opencart.pages.AHeadPage.getDropdownOptions(AHeadPage.java:179)
at com.softserve.edu.opencart.pages.AHeadPage.getDropdownOptions(AHeadPage.java:179)
at com.softserve.edu.opencart.pages.AHeadPage.getDropdownOptions(AHeadPage.java:179)
at com.softserve.edu.opencart.pages.AHeadPage.getDropdownOptions(AHeadPage.java:179)
at com.softserve.edu.opencart.pages.AHeadPage.getDropdownOptions(AHeadPage.java:179)
at com.softserve.edu.opencart.pages.AHeadPage.getDropdownOptions(AHeadPage.java:179)
at com.softserve.edu.opencart.pages.AHeadPage.getDropdownOptions(AHeadPage.java:179)
at com.softserve.edu.opencart.pages.AHeadPage.getDropdownOptions(AHeadPage.java:179)
at com.softserve.edu.opencart.pages.AHeadPage.getDropdownOptions(AHeadPage.java:179)
at com.softserve.edu.opencart.pages.AHeadPage.getDropdownOptions(AHeadPage.java:179)
at com.softserve.edu.opencart.pages.AHeadPage.getDropdownOptions(AHeadPage.java:179)
at com.softserve.edu.opencart.pages.AHeadPage.getDropdownOptions(AHeadPage.java:179)
at com.softserve.edu.opencart.pages.AHeadPage.getDropdownOptions(AHeadPage.java:179)
at com.softserve.edu.opencart.pages.AHeadPage.getDropdownOptions(AHeadPage.java:179)
at com.softserve.edu.opencart.pages.AHeadPage.getDropdownOptions(AHeadPage.java:179)
at com.softserve.edu.opencart.pages.AHeadPage.getDropdownOptions(AHeadPage.java:179)
at com.softserve.edu.opencart.pages.AHeadPage.getDropdownOptions(AHeadPage.java:179)
at com.softserve.edu.opencart.pages.AHeadPage.getDropdownOptions(AHeadPage.java:179)
at com.softserve.edu.opencart.pages.AHeadPage.getDropdownOptions(AHeadPage.java:179)
at com.softserve.edu.opencart.pages.AHeadPage.getDropdownOptions(AHeadPage.java:179)
at com.softserve.edu.opencart.pages.AHeadPage.getDropdownOptions(AHeadPage.java:179)
at com.softserve.edu.opencart.pages.AHeadPage.getDropdownOptions(AHeadPage.java:179)
at com.softserve.edu.opencart.pages.AHeadPage.getDropdownOptions(AHeadPage.java:179)
at com.softserve.edu.opencart.pages.AHeadPage.getDropdownOptions(AHeadPage.java:179)
at com.softserve.edu.opencart.pages.AHeadPage.getDropdownOptions(AHeadPage.java:179)
at com.softserve.edu.opencart.pages.AHeadPage.getDropdownOptions(AHeadPage.java:179)
at com.softserve.edu.opencart.pages.AHeadPage.getDropdownOptions(AHeadPage.java:179)
at com.softserve.edu.opencart.pages.AHeadPage.getDropdownOptions(AHeadPage.java:179)
at com.softserve.edu.opencart.pages.AHeadPage.getDropdownOptions(AHeadPage.java:179)
at com.softserve.edu.opencart.pages.AHeadPage.getDropdownOptions(AHeadPage.java:179)
at com.softserve.edu.opencart.pages.AHeadPage.getDropdownOptions(AHeadPage.java:179)
at com.softserve.edu.opencart.pages.AHeadPage.getDropdownOptions(AHeadPage.java:179)
at com.softserve.edu.opencart.pages.AHeadPage.getDropdownOptions(AHeadPage.java:179)
at com.softserve.edu.opencart.pages.AHeadPage.getDropdownOptions(AHeadPage.java:179)
at com.softserve.edu.opencart.pages.AHeadPage.getDropdownOptions(AHeadPage.java:179)
at com.softserve.edu.opencart.pages.AHeadPage.getDropdownOptions(AHeadPage.java:179)
at com.softserve.edu.opencart.pages.AHeadPage.getDropdownOptions(AHeadPage.java:179)
at com.softserve.edu.opencart.pages.AHeadPage.getDropdownOptions(AHeadPage.java:179)
at com.softserve.edu.opencart.pages.AHeadPage.getDropdownOptions(AHeadPage.java:179)
at com.softserve.edu.opencart.pages.AHeadPage.getDropdownOptions(AHeadPage.java:179)
at com.softserve.edu.opencart.pages.AHeadPage.getDropdownOptions(AHeadPage.java:179)
at com.softserve.edu.opencart.pages.AHeadPage.getDropdownOptions(AHeadPage.java:179)
at com.softserve.edu.opencart.pages.AHeadPage.getDropdownOptions(AHeadPage.java:179)
at com.softserve.edu.opencart.pages.AHeadPage.getDropdownOptions(AHeadPage.java:179)
at com.softserve.edu.opencart.pages.AHeadPage.getDropdownOptions(AHeadPage.java:179)
at com.softserve.edu.opencart.pages.AHeadPage.getDropdownOptions(AHeadPage.java:179)
at com.softserve.edu.opencart.pages.AHeadPage.getDropdownOptions(AHeadPage.java:179)
at com.softserve.edu.opencart.pages.AHeadPage.getDropdownOptions(AHeadPage.java:179)
at com.softserve.edu.opencart.pages.AHeadPage.getDropdownOptions(AHeadPage.java:179)
at com.softserve.edu.opencart.pages.AHeadPage.getDropdownOptions(AHeadPage.java:179)
at com.softserve.edu.opencart.pages.AHeadPage.getDropdownOptions(AHeadPage.java:179)
at com.softserve.edu.opencart.pages.AHeadPage.getDropdownOptions(AHeadPage.java:179)
at com.softserve.edu.opencart.pages.AHeadPage.getDropdownOptions(AHeadPage.java:179)
at com.softserve.edu.opencart.pages.AHeadPage.getDropdownOptions(AHeadPage.java:179)
at com.softserve.edu.opencart.pages.AHeadPage.getDropdownOptions(AHeadPage.java:179)
at com.softserve.edu.opencart.pages.AHeadPage.getDropdownOptions(AHeadPage.java:179)
at com.softserve.edu.opencart.pages.AHeadPage.getDropdownOptions(AHeadPage.java:179)
at com.softserve.edu.opencart.pages.AHeadPage.getDropdownOptions(AHeadPage.java:179)
at com.softserve.edu.opencart.pages.AHeadPage.getDropdownOptions(AHeadPage.java:179)
at com.softserve.edu.opencart.pages.AHeadPage.getDropdownOptions(AHeadPage.java:179)
at com.softserve.edu.opencart.pages.AHeadPage.getDropdownOptions(AHeadPage.java:179)
at com.softserve.edu.opencart.pages.AHeadPage.getDropdownOptions(AHeadPage.java:179)
at com.softserve.edu.opencart.pages.AHeadPage.getDropdownOptions(AHeadPage.java:179)
at com.softserve.edu.opencart.pages.AHeadPage.getDropdownOptions(AHeadPage.java:179)
at com.softserve.edu.opencart.pages.AHeadPage.getDropdownOptions(AHeadPage.java:179)
at com.softserve.edu.opencart.pages.AHeadPage.getDropdownOptions(AHeadPage.java:179)
at com.softserve.edu.opencart.pages.AHeadPage.getDropdownOptions(AHeadPage.java:179)
at com.softserve.edu.opencart.pages.AHeadPage.getDropdownOptions(AHeadPage.java:179)
at com.softserve.edu.opencart.pages.AHeadPage.getDropdownOptions(AHeadPage.java:179)
at com.softserve.edu.opencart.pages.AHeadPage.getDropdownOptions(AHeadPage.java:179)
at com.softserve.edu.opencart.pages.AHeadPage.getDropdownOptions(AHeadPage.java:179)
at com.softserve.edu.opencart.pages.AHeadPage.getDropdownOptions(AHeadPage.java:179)
at com.softserve.edu.opencart.pages.AHeadPage.getDropdownOptions(AHeadPage.java:179)
at com.softserve.edu.opencart.pages.AHeadPage.getDropdownOptions(AHeadPage.java:179)
at com.softserve.edu.opencart.pages.AHeadPage.getDropdownOptions(AHeadPage.java:179)
at com.softserve.edu.opencart.pages.AHeadPage.getDropdownOptions(AHeadPage.java:179)
at com.softserve.edu.opencart.pages.AHeadPage.getDropdownOptions(AHeadPage.java:179)
at com.softserve.edu.opencart.pages.AHeadPage.getDropdownOptions(AHeadPage.java:179)
at com.softserve.edu.opencart.pages.AHeadPage.getDropdownOptions(AHeadPage.java:179)
at com.softserve.edu.opencart.pages.AHeadPage.getDropdownOptions(AHeadPage.java:179)
at com.softserve.edu.opencart.pages.AHeadPage.getDropdownOptions(AHeadPage.java:179)
at com.softserve.edu.opencart.pages.AHeadPage.getDropdownOptions(AHeadPage.java:179)
at com.softserve.edu.opencart.pages.AHeadPage.getDropdownOptions(AHeadPage.java:179)
at com.softserve.edu.opencart.pages.AHeadPage.getDropdownOptions(AHeadPage.java:179)
at com.softserve.edu.opencart.pages.AHeadPage.getDropdownOptions(AHeadPage.java:179)
at com.softserve.edu.opencart.pages.AHeadPage.getDropdownOptions(AHeadPage.java:179)
at com.softserve.edu.opencart.pages.AHeadPage.getDropdownOptions(AHeadPage.java:179)
at com.softserve.edu.opencart.pages.AHeadPage.getDropdownOptions(AHeadPage.java:179)
at com.softserve.edu.opencart.pages.AHeadPage.getDropdownOptions(AHeadPage.java:179)
at com.softserve.edu.opencart.pages.AHeadPage.getDropdownOptions(AHeadPage.java:179)
at com.softserve.edu.opencart.pages.AHeadPage.getDropdownOptions(AHeadPage.java:179)
at com.softserve.edu.opencart.pages.AHeadPage.getDropdownOptions(AHeadPage.java:179)
at com.softserve.edu.opencart.pages.AHeadPage.getDropdownOptions(AHeadPage.java:179)
at com.softserve.edu.opencart.pages.AHeadPage.getDropdownOptions(AHeadPage.java:179)
at com.softserve.edu.opencart.pages.AHeadPage.getDropdownOptions(AHeadPage.java:179)
at com.softserve.edu.opencart.pages.AHeadPage.getDropdownOptions(AHeadPage.java:179)
at com.softserve.edu.opencart.pages.AHeadPage.getDropdownOptions(AHeadPage.java:179)
at com.softserve.edu.opencart.pages.AHeadPage.getDropdownOptions(AHeadPage.java:179)
at com.softserve.edu.opencart.pages.AHeadPage.getDropdownOptions(AHeadPage.java:179)
at com.softserve.edu.opencart.pages.AHeadPage.getDropdownOptions(AHeadPage.java:179)
at com.softserve.edu.opencart.pages.AHeadPage.getDropdownOptions(AHeadPage.java:179)
at com.softserve.edu.opencart.pages.AHeadPage.getDropdownOptions(AHeadPage.java:179)
at com.softserve.edu.opencart.pages.AHeadPage.getDropdownOptions(AHeadPage.java:179)
at com.softserve.edu.opencart.pages.AHeadPage.getDropdownOptions(AHeadPage.java:179)
at com.softserve.edu.opencart.pages.AHeadPage.getDropdownOptions(AHeadPage.java:179)
at com.softserve.edu.opencart.pages.AHeadPage.getDropdownOptions(AHeadPage.java:179)
at com.softserve.edu.opencart.pages.AHeadPage.getDropdownOptions(AHeadPage.java:179)
at com.softserve.edu.opencart.pages.AHeadPage.getDropdownOptions(AHeadPage.java:179)
at com.softserve.edu.opencart.pages.AHeadPage.getDropdownOptions(AHeadPage.java:179)
at com.softserve.edu.opencart.pages.AHeadPage.getDropdownOptions(AHeadPage.java:179)
at com.softserve.edu.opencart.pages.AHeadPage.getDropdownOptions(AHeadPage.java:179)
at com.softserve.edu.opencart.pages.AHeadPage.getDropdownOptions(AHeadPage.java:179)
at com.softserve.edu.opencart.pages.AHeadPage.getDropdownOptions(AHeadPage.java:179)
at com.softserve.edu.opencart.pages.AHeadPage.getDropdownOptions(AHeadPage.java:179)
at com.softserve.edu.opencart.pages.AHeadPage.getDropdownOptions(AHeadPage.java:179)
at com.softserve.edu.opencart.pages.AHeadPage.getDropdownOptions(AHeadPage.java:179)
at com.softserve.edu.opencart.pages.AHeadPage.getDropdownOptions(AHeadPage.java:179)
at com.softserve.edu.opencart.pages.AHeadPage.getDropdownOptions(AHeadPage.java:179)
at com.softserve.edu.opencart.pages.AHeadPage.getDropdownOptions(AHeadPage.java:179)
at com.softserve.edu.opencart.pages.AHeadPage.getDropdownOptions(AHeadPage.java:179)
at com.softserve.edu.opencart.pages.AHeadPage.getDropdownOptions(AHeadPage.java:179)
at com.softserve.edu.opencart.pages.AHeadPage.getDropdownOptions(AHeadPage.java:179)
at com.softserve.edu.opencart.pages.AHeadPage.getDropdownOptions(AHeadPage.java:179)
at com.softserve.edu.opencart.pages.AHeadPage.getDropdownOptions(AHeadPage.java:179)
at com.softserve.edu.opencart.pages.AHeadPage.getDropdownOptions(AHeadPage.java:179)
at com.softserve.edu.opencart.pages.AHeadPage.getDropdownOptions(AHeadPage.java:179)
at com.softserve.edu.opencart.pages.AHeadPage.getDropdownOptions(AHeadPage.java:179)
at com.softserve.edu.opencart.pages.AHeadPage.getDropdownOptions(AHeadPage.java:179)
at com.softserve.edu.opencart.pages.AHeadPage.getDropdownOptions(AHeadPage.java:179)
at com.softserve.edu.opencart.pages.AHeadPage.getDropdownOptions(AHeadPage.java:179)
at com.softserve.edu.opencart.pages.AHeadPage.getDropdownOptions(AHeadPage.java:179)
at com.softserve.edu.opencart.pages.AHeadPage.getDropdownOptions(AHeadPage.java:179)
at com.softserve.edu.opencart.pages.AHeadPage.getDropdownOptions(AHeadPage.java:179)
at com.softserve.edu.opencart.pages.AHeadPage.getDropdownOptions(AHeadPage.java:179)
at com.softserve.edu.opencart.pages.AHeadPage.getDropdownOptions(AHeadPage.java:179)
at com.softserve.edu.opencart.pages.AHeadPage.getDropdownOptions(AHeadPage.java:179)
at com.softserve.edu.opencart.pages.AHeadPage.getDropdownOptions(AHeadPage.java:179)
at com.softserve.edu.opencart.pages.AHeadPage.getDropdownOptions(AHeadPage.java:179)
at com.softserve.edu.opencart.pages.AHeadPage.getDropdownOptions(AHeadPage.java:179)
at com.softserve.edu.opencart.pages.AHeadPage.getDropdownOptions(AHeadPage.java:179)
at com.softserve.edu.opencart.pages.AHeadPage.getDropdownOptions(AHeadPage.java:179)
at com.softserve.edu.opencart.pages.AHeadPage.getDropdownOptions(AHeadPage.java:179)
at com.softserve.edu.opencart.pages.AHeadPage.getDropdownOptions(AHeadPage.java:179)
at com.softserve.edu.opencart.pages.AHeadPage.getDropdownOptions(AHeadPage.java:179)
at com.softserve.edu.opencart.pages.AHeadPage.getDropdownOptions(AHeadPage.java:179)
at com.softserve.edu.opencart.pages.AHeadPage.getDropdownOptions(AHeadPage.java:179)
at com.softserve.edu.opencart.pages.AHeadPage.getDropdownOptions(AHeadPage.java:179)
at com.softserve.edu.opencart.pages.AHeadPage.getDropdownOptions(AHeadPage.java:179)
at com.softserve.edu.opencart.pages.AHeadPage.getDropdownOptions(AHeadPage.java:179)
at com.softserve.edu.opencart.pages.AHeadPage.getDropdownOptions(AHeadPage.java:179)
at com.softserve.edu.opencart.pages.AHeadPage.getDropdownOptions(AHeadPage.java:179)
at com.softserve.edu.opencart.pages.AHeadPage.getDropdownOptions(AHeadPage.java:179)
at com.softserve.edu.opencart.pages.AHeadPage.getDropdownOptions(AHeadPage.java:179)
at com.softserve.edu.opencart.pages.AHeadPage.getDropdownOptions(AHeadPage.java:179)
at com.softserve.edu.opencart.pages.AHeadPage.getDropdownOptions(AHeadPage.java:179)
at com.softserve.edu.opencart.pages.AHeadPage.getDropdownOptions(AHeadPage.java:179)
at com.softserve.edu.opencart.pages.AHeadPage.getDropdownOptions(AHeadPage.java:179)
at com.softserve.edu.opencart.pages.AHeadPage.getDropdownOptions(AHeadPage.java:179)
at com.softserve.edu.opencart.pages.AHeadPage.getDropdownOptions(AHeadPage.java:179)
at com.softserve.edu.opencart.pages.AHeadPage.getDropdownOptions(AHeadPage.java:179)
at com.softserve.edu.opencart.pages.AHeadPage.getDropdownOptions(AHeadPage.java:179)
at com.softserve.edu.opencart.pages.AHeadPage.getDropdownOptions(AHeadPage.java:179)
at com.softserve.edu.opencart.pages.AHeadPage.getDropdownOptions(AHeadPage.java:179)
at com.softserve.edu.opencart.pages.AHeadPage.getDropdownOptions(AHeadPage.java:179)
at com.softserve.edu.opencart.pages.AHeadPage.getDropdownOptions(AHeadPage.java:179)
at com.softserve.edu.opencart.pages.AHeadPage.getDropdownOptions(AHeadPage.java:179)
at com.softserve.edu.opencart.pages.AHeadPage.getDropdownOptions(AHeadPage.java:179)
at com.softserve.edu.opencart.pages.AHeadPage.getDropdownOptions(AHeadPage.java:179)
at com.softserve.edu.opencart.pages.AHeadPage.getDropdownOptions(AHeadPage.java:179)
at com.softserve.edu.opencart.pages.AHeadPage.getDropdownOptions(AHeadPage.java:179)
at com.softserve.edu.opencart.pages.AHeadPage.getDropdownOptions(AHeadPage.java:179)
at com.softserve.edu.opencart.pages.AHeadPage.getDropdownOptions(AHeadPage.java:179)
at com.softserve.edu.opencart.pages.AHeadPage.getDropdownOptions(AHeadPage.java:179)
at com.softserve.edu.opencart.pages.AHeadPage.getDropdownOptions(AHeadPage.java:179)
at com.softserve.edu.opencart.pages.AHeadPage.getDropdownOptions(AHeadPage.java:179)
at com.softserve.edu.opencart.pages.AHeadPage.getDropdownOptions(AHeadPage.java:179)
at com.softserve.edu.opencart.pages.AHeadPage.getDropdownOptions(AHeadPage.java:179)
at com.softserve.edu.opencart.pages.AHeadPage.getDropdownOptions(AHeadPage.java:179)
at com.softserve.edu.opencart.pages.AHeadPage.getDropdownOptions(AHeadPage.java:179)
at com.softserve.edu.opencart.pages.AHeadPage.getDropdownOptions(AHeadPage.java:179)
at com.softserve.edu.opencart.pages.AHeadPage.getDropdownOptions(AHeadPage.java:179)
at com.softserve.edu.opencart.pages.AHeadPage.getDropdownOptions(AHeadPage.java:179)
at com.softserve.edu.opencart.pages.AHeadPage.getDropdownOptions(AHeadPage.java:179)
at com.softserve.edu.opencart.pages.AHeadPage.getDropdownOptions(AHeadPage.java:179)
at com.softserve.edu.opencart.pages.AHeadPage.getDropdownOptions(AHeadPage.java:179)
at com.softserve.edu.opencart.pages.AHeadPage.getDropdownOptions(AHeadPage.java:179)
at com.softserve.edu.opencart.pages.AHeadPage.getDropdownOptions(AHeadPage.java:179)
at com.softserve.edu.opencart.pages.AHeadPage.getDropdownOptions(AHeadPage.java:179)
at com.softserve.edu.opencart.pages.AHeadPage.getDropdownOptions(AHeadPage.java:179)
at com.softserve.edu.opencart.pages.AHeadPage.getDropdownOptions(AHeadPage.java:179)
at com.softserve.edu.opencart.pages.AHeadPage.getDropdownOptions(AHeadPage.java:179)
at com.softserve.edu.opencart.pages.AHeadPage.getDropdownOptions(AHeadPage.java:179)
at com.softserve.edu.opencart.pages.AHeadPage.getDropdownOptions(AHeadPage.java:179)
at com.softserve.edu.opencart.pages.AHeadPage.getDropdownOptions(AHeadPage.java:179)
at com.softserve.edu.opencart.pages.AHeadPage.getDropdownOptions(AHeadPage.java:179)
at com.softserve.edu.opencart.pages.AHeadPage.getDropdownOptions(AHeadPage.java:179)
at com.softserve.edu.opencart.pages.AHeadPage.getDropdownOptions(AHeadPage.java:179)
at com.softserve.edu.opencart.pages.AHeadPage.getDropdownOptions(AHeadPage.java:179)
at com.softserve.edu.opencart.pages.AHeadPage.getDropdownOptions(AHeadPage.java:179)
at com.softserve.edu.opencart.pages.AHeadPage.getDropdownOptions(AHeadPage.java:179)
at com.softserve.edu.opencart.pages.AHeadPage.getDropdownOptions(AHeadPage.java:179)
at com.softserve.edu.opencart.pages.AHeadPage.getDropdownOptions(AHeadPage.java:179)
at com.softserve.edu.opencart.pages.AHeadPage.getDropdownOptions(AHeadPage.java:179)
at com.softserve.edu.opencart.pages.AHeadPage.getDropdownOptions(AHeadPage.java:179)
at com.softserve.edu.opencart.pages.AHeadPage.getDropdownOptions(AHeadPage.java:179)
at com.softserve.edu.opencart.pages.AHeadPage.getDropdownOptions(AHeadPage.java:179)
at com.softserve.edu.opencart.pages.AHeadPage.getDropdownOptions(AHeadPage.java:179)
at com.softserve.edu.opencart.pages.AHeadPage.getDropdownOptions(AHeadPage.java:179)
at com.softserve.edu.opencart.pages.AHeadPage.getDropdownOptions(AHeadPage.java:179)
at com.softserve.edu.opencart.pages.AHeadPage.getDropdownOptions(AHeadPage.java:179)
at com.softserve.edu.opencart.pages.AHeadPage.getDropdownOptions(AHeadPage.java:179)
at com.softserve.edu.opencart.pages.AHeadPage.getDropdownOptions(AHeadPage.java:179)
at com.softserve.edu.opencart.pages.AHeadPage.getDropdownOptions(AHeadPage.java:179)
at com.softserve.edu.opencart.pages.AHeadPage.getDropdownOptions(AHeadPage.java:179)
at com.softserve.edu.opencart.pages.AHeadPage.getDropdownOptions(AHeadPage.java:179)
at com.softserve.edu.opencart.pages.AHeadPage.getDropdownOptions(AHeadPage.java:179)
at com.softserve.edu.opencart.pages.AHeadPage.getDropdownOptions(AHeadPage.java:179)
at com.softserve.edu.opencart.pages.AHeadPage.getDropdownOptions(AHeadPage.java:179)
at com.softserve.edu.opencart.pages.AHeadPage.getDropdownOptions(AHeadPage.java:179)
at com.softserve.edu.opencart.pages.AHeadPage.getDropdownOptions(AHeadPage.java:179)
at com.softserve.edu.opencart.pages.AHeadPage.getDropdownOptions(AHeadPage.java:179)
at com.softserve.edu.opencart.pages.AHeadPage.getDropdownOptions(AHeadPage.java:179)
at com.softserve.edu.opencart.pages.AHeadPage.getDropdownOptions(AHeadPage.java:179)
at com.softserve.edu.opencart.pages.AHeadPage.getDropdownOptions(AHeadPage.java:179)
at com.softserve.edu.opencart.pages.AHeadPage.getDropdownOptions(AHeadPage.java:179)
at com.softserve.edu.opencart.pages.AHeadPage.getDropdownOptions(AHeadPage.java:179)
at com.softserve.edu.opencart.pages.AHeadPage.getDropdownOptions(AHeadPage.java:179)
at com.softserve.edu.opencart.pages.AHeadPage.getDropdownOptions(AHeadPage.java:179)
at com.softserve.edu.opencart.pages.AHeadPage.getDropdownOptions(AHeadPage.java:179)
at com.softserve.edu.opencart.pages.AHeadPage.getDropdownOptions(AHeadPage.java:179)
at com.softserve.edu.opencart.pages.AHeadPage.getDropdownOptions(AHeadPage.java:179)
at com.softserve.edu.opencart.pages.AHeadPage.getDropdownOptions(AHeadPage.java:179)
at com.softserve.edu.opencart.pages.AHeadPage.getDropdownOptions(AHeadPage.java:179)
at com.softserve.edu.opencart.pages.AHeadPage.getDropdownOptions(AHeadPage.java:179)
at com.softserve.edu.opencart.pages.AHeadPage.getDropdownOptions(AHeadPage.java:179)
at com.softserve.edu.opencart.pages.AHeadPage.getDropdownOptions(AHeadPage.java:179)
at com.softserve.edu.opencart.pages.AHeadPage.getDropdownOptions(AHeadPage.java:179)
at com.softserve.edu.opencart.pages.AHeadPage.getDropdownOptions(AHeadPage.java:179)
at com.softserve.edu.opencart.pages.AHeadPage.getDropdownOptions(AHeadPage.java:179)
at com.softserve.edu.opencart.pages.AHeadPage.getDropdownOptions(AHeadPage.java:179)
at com.softserve.edu.opencart.pages.AHeadPage.getDropdownOptions(AHeadPage.java:179)
at com.softserve.edu.opencart.pages.AHeadPage.getDropdownOptions(AHeadPage.java:179)
at com.softserve.edu.opencart.pages.AHeadPage.getDropdownOptions(AHeadPage.java:179)
at com.softserve.edu.opencart.pages.AHeadPage.getDropdownOptions(AHeadPage.java:179)
at com.softserve.edu.opencart.pages.AHeadPage.getDropdownOptions(AHeadPage.java:179)
at com.softserve.edu.opencart.pages.AHeadPage.getDropdownOptions(AHeadPage.java:179)
at com.softserve.edu.opencart.pages.AHeadPage.getDropdownOptions(AHeadPage.java:179)
at com.softserve.edu.opencart.pages.AHeadPage.getDropdownOptions(AHeadPage.java:179)
at com.softserve.edu.opencart.pages.AHeadPage.getDropdownOptions(AHeadPage.java:179)
at com.softserve.edu.opencart.pages.AHeadPage.getDropdownOptions(AHeadPage.java:179)
at com.softserve.edu.opencart.pages.AHeadPage.getDropdownOptions(AHeadPage.java:179)
at com.softserve.edu.opencart.pages.AHeadPage.getDropdownOptions(AHeadPage.java:179)
at com.softserve.edu.opencart.pages.AHeadPage.getDropdownOptions(AHeadPage.java:179)
at com.softserve.edu.opencart.pages.AHeadPage.getDropdownOptions(AHeadPage.java:179)
at com.softserve.edu.opencart.pages.AHeadPage.getDropdownOptions(AHeadPage.java:179)
at com.softserve.edu.opencart.pages.AHeadPage.getDropdownOptions(AHeadPage.java:179)
at com.softserve.edu.opencart.pages.AHeadPage.getDropdownOptions(AHeadPage.java:179)
at com.softserve.edu.opencart.pages.AHeadPage.getDropdownOptions(AHeadPage.java:179)
at com.softserve.edu.opencart.pages.AHeadPage.getDropdownOptions(AHeadPage.java:179)
at com.softserve.edu.opencart.pages.AHeadPage.getDropdownOptions(AHeadPage.java:179)
at com.softserve.edu.opencart.pages.AHeadPage.getDropdownOptions(AHeadPage.java:179)
at com.softserve.edu.opencart.pages.AHeadPage.getDropdownOptions(AHeadPage.java:179)
at com.softserve.edu.opencart.pages.AHeadPage.getDropdownOptions(AHeadPage.java:179)
at com.softserve.edu.opencart.pages.AHeadPage.getDropdownOptions(AHeadPage.java:179)
at com.softserve.edu.opencart.pages.AHeadPage.getDropdownOptions(AHeadPage.java:179)
at com.softserve.edu.opencart.pages.AHeadPage.getDropdownOptions(AHeadPage.java:179)
at com.softserve.edu.opencart.pages.AHeadPage.getDropdownOptions(AHeadPage.java:179)
at com.softserve.edu.opencart.pages.AHeadPage.getDropdownOptions(AHeadPage.java:179)
at com.softserve.edu.opencart.pages.AHeadPage.getDropdownOptions(AHeadPage.java:179)
at com.softserve.edu.opencart.pages.AHeadPage.getDropdownOptions(AHeadPage.java:179)
at com.softserve.edu.opencart.pages.AHeadPage.getDropdownOptions(AHeadPage.java:179)
at com.softserve.edu.opencart.pages.AHeadPage.getDropdownOptions(AHeadPage.java:179)
at com.softserve.edu.opencart.pages.AHeadPage.getDropdownOptions(AHeadPage.java:179)
at com.softserve.edu.opencart.pages.AHeadPage.getDropdownOptions(AHeadPage.java:179)
at com.softserve.edu.opencart.pages.AHeadPage.getDropdownOptions(AHeadPage.java:179)
at com.softserve.edu.opencart.pages.AHeadPage.getDropdownOptions(AHeadPage.java:179)
at com.softserve.edu.opencart.pages.AHeadPage.getDropdownOptions(AHeadPage.java:179)
at com.softserve.edu.opencart.pages.AHeadPage.getDropdownOptions(AHeadPage.java:179)
at com.softserve.edu.opencart.pages.AHeadPage.getDropdownOptions(AHeadPage.java:179)
at com.softserve.edu.opencart.pages.AHeadPage.getDropdownOptions(AHeadPage.java:179)
at com.softserve.edu.opencart.pages.AHeadPage.getDropdownOptions(AHeadPage.java:179)
at com.softserve.edu.opencart.pages.AHeadPage.getDropdownOptions(AHeadPage.java:179)
at com.softserve.edu.opencart.pages.AHeadPage.getDropdownOptions(AHeadPage.java:179)
at com.softserve.edu.opencart.pages.AHeadPage.getDropdownOptions(AHeadPage.java:179)
at com.softserve.edu.opencart.pages.AHeadPage.getDropdownOptions(AHeadPage.java:179)
at com.softserve.edu.opencart.pages.AHeadPage.getDropdownOptions(AHeadPage.java:179)
at com.softserve.edu.opencart.pages.AHeadPage.getDropdownOptions(AHeadPage.java:179)
at com.softserve.edu.opencart.pages.AHeadPage.getDropdownOptions(AHeadPage.java:179)
at com.softserve.edu.opencart.pages.AHeadPage.getDropdownOptions(AHeadPage.java:179)
at com.softserve.edu.opencart.pages.AHeadPage.getDropdownOptions(AHeadPage.java:179)
at com.softserve.edu.opencart.pages.AHeadPage.getDropdownOptions(AHeadPage.java:179)
at com.softserve.edu.opencart.pages.AHeadPage.getDropdownOptions(AHeadPage.java:179)
at com.softserve.edu.opencart.pages.AHeadPage.getDropdownOptions(AHeadPage.java:179)
at com.softserve.edu.opencart.pages.AHeadPage.getDropdownOptions(AHeadPage.java:179)
at com.softserve.edu.opencart.pages.AHeadPage.getDropdownOptions(AHeadPage.java:179)
at com.softserve.edu.opencart.pages.AHeadPage.getDropdownOptions(AHeadPage.java:179)
at com.softserve.edu.opencart.pages.AHeadPage.getDropdownOptions(AHeadPage.java:179)
at com.softserve.edu.opencart.pages.AHeadPage.getDropdownOptions(AHeadPage.java:179)
at com.softserve.edu.opencart.pages.AHeadPage.getDropdownOptions(AHeadPage.java:179)
at com.softserve.edu.opencart.pages.AHeadPage.getDropdownOptions(AHeadPage.java:179)
at com.softserve.edu.opencart.pages.AHeadPage.getDropdownOptions(AHeadPage.java:179)
at com.softserve.edu.opencart.pages.AHeadPage.getDropdownOptions(AHeadPage.java:179)
at com.softserve.edu.opencart.pages.AHeadPage.getDropdownOptions(AHeadPage.java:179)
at com.softserve.edu.opencart.pages.AHeadPage.getDropdownOptions(AHeadPage.java:179)
at com.softserve.edu.opencart.pages.AHeadPage.getDropdownOptions(AHeadPage.java:179)
at com.softserve.edu.opencart.pages.AHeadPage.getDropdownOptions(AHeadPage.java:179)
at com.softserve.edu.opencart.pages.AHeadPage.getDropdownOptions(AHeadPage.java:179)
at com.softserve.edu.opencart.pages.AHeadPage.getDropdownOptions(AHeadPage.java:179)
at com.softserve.edu.opencart.pages.AHeadPage.getDropdownOptions(AHeadPage.java:179)
at com.softserve.edu.opencart.pages.AHeadPage.getDropdownOptions(AHeadPage.java:179)
at com.softserve.edu.opencart.pages.AHeadPage.getDropdownOptions(AHeadPage.java:179)
at com.softserve.edu.opencart.pages.AHeadPage.getDropdownOptions(AHeadPage.java:179)
at com.softserve.edu.opencart.pages.AHeadPage.getDropdownOptions(AHeadPage.java:179)
at com.softserve.edu.opencart.pages.AHeadPage.getDropdownOptions(AHeadPage.java:179)
at com.softserve.edu.opencart.pages.AHeadPage.getDropdownOptions(AHeadPage.java:179)
at com.softserve.edu.opencart.pages.AHeadPage.getDropdownOptions(AHeadPage.java:179)
at com.softserve.edu.opencart.pages.AHeadPage.getDropdownOptions(AHeadPage.java:179)
at com.softserve.edu.opencart.pages.AHeadPage.getDropdownOptions(AHeadPage.java:179)
at com.softserve.edu.opencart.pages.AHeadPage.getDropdownOptions(AHeadPage.java:179)
at com.softserve.edu.opencart.pages.AHeadPage.getDropdownOptions(AHeadPage.java:179)
at com.softserve.edu.opencart.pages.AHeadPage.getDropdownOptions(AHeadPage.java:179)
at com.softserve.edu.opencart.pages.AHeadPage.getDropdownOptions(AHeadPage.java:179)
at com.softserve.edu.opencart.pages.AHeadPage.getDropdownOptions(AHeadPage.java:179)
at com.softserve.edu.opencart.pages.AHeadPage.getDropdownOptions(AHeadPage.java:179)
at com.softserve.edu.opencart.pages.AHeadPage.getDropdownOptions(AHeadPage.java:179)
at com.softserve.edu.opencart.pages.AHeadPage.getDropdownOptions(AHeadPage.java:179)
at com.softserve.edu.opencart.pages.AHeadPage.getDropdownOptions(AHeadPage.java:179)
at com.softserve.edu.opencart.pages.AHeadPage.getDropdownOptions(AHeadPage.java:179)
at com.softserve.edu.opencart.pages.AHeadPage.getDropdownOptions(AHeadPage.java:179)
at com.softserve.edu.opencart.pages.AHeadPage.getDropdownOptions(AHeadPage.java:179)
at com.softserve.edu.opencart.pages.AHeadPage.getDropdownOptions(AHeadPage.java:179)
at com.softserve.edu.opencart.pages.AHeadPage.getDropdownOptions(AHeadPage.java:179)
at com.softserve.edu.opencart.pages.AHeadPage.getDropdownOptions(AHeadPage.java:179)
at com.softserve.edu.opencart.pages.AHeadPage.getDropdownOptions(AHeadPage.java:179)
at com.softserve.edu.opencart.pages.AHeadPage.getDropdownOptions(AHeadPage.java:179)
at com.softserve.edu.opencart.pages.AHeadPage.getDropdownOptions(AHeadPage.java:179)
at com.softserve.edu.opencart.pages.AHeadPage.getDropdownOptions(AHeadPage.java:179)
at com.softserve.edu.opencart.pages.AHeadPage.getDropdownOptions(AHeadPage.java:179)
at com.softserve.edu.opencart.pages.AHeadPage.getDropdownOptions(AHeadPage.java:179)
at com.softserve.edu.opencart.pages.AHeadPage.getDropdownOptions(AHeadPage.java:179)
at com.softserve.edu.opencart.pages.AHeadPage.getDropdownOptions(AHeadPage.java:179)
at com.softserve.edu.opencart.pages.AHeadPage.getDropdownOptions(AHeadPage.java:179)
at com.softserve.edu.opencart.pages.AHeadPage.getDropdownOptions(AHeadPage.java:179)
at com.softserve.edu.opencart.pages.AHeadPage.getDropdownOptions(AHeadPage.java:179)
at com.softserve.edu.opencart.pages.AHeadPage.getDropdownOptions(AHeadPage.java:179)
at com.softserve.edu.opencart.pages.AHeadPage.getDropdownOptions(AHeadPage.java:179)
at com.softserve.edu.opencart.pages.AHeadPage.getDropdownOptions(AHeadPage.java:179)
at com.softserve.edu.opencart.pages.AHeadPage.getDropdownOptions(AHeadPage.java:179)
at com.softserve.edu.opencart.pages.AHeadPage.getDropdownOptions(AHeadPage.java:179)
at com.softserve.edu.opencart.pages.AHeadPage.getDropdownOptions(AHeadPage.java:179)
at com.softserve.edu.opencart.pages.AHeadPage.getDropdownOptions(AHeadPage.java:179)
at com.softserve.edu.opencart.pages.AHeadPage.getDropdownOptions(AHeadPage.java:179)
at com.softserve.edu.opencart.pages.AHeadPage.getDropdownOptions(AHeadPage.java:179)
at com.softserve.edu.opencart.pages.AHeadPage.getDropdownOptions(AHeadPage.java:179)
at com.softserve.edu.opencart.pages.AHeadPage.getDropdownOptions(AHeadPage.java:179)
at com.softserve.edu.opencart.pages.AHeadPage.getDropdownOptions(AHeadPage.java:179)
at com.softserve.edu.opencart.pages.AHeadPage.getDropdownOptions(AHeadPage.java:179)
at com.softserve.edu.opencart.pages.AHeadPage.getDropdownOptions(AHeadPage.java:179)
at com.softserve.edu.opencart.pages.AHeadPage.getDropdownOptions(AHeadPage.java:179)
at com.softserve.edu.opencart.pages.AHeadPage.getDropdownOptions(AHeadPage.java:179)
at com.softserve.edu.opencart.pages.AHeadPage.getDropdownOptions(AHeadPage.java:179)
at com.softserve.edu.opencart.pages.AHeadPage.getDropdownOptions(AHeadPage.java:179)
at com.softserve.edu.opencart.pages.AHeadPage.getDropdownOptions(AHeadPage.java:179)
at com.softserve.edu.opencart.pages.AHeadPage.getDropdownOptions(AHeadPage.java:179)
at com.softserve.edu.opencart.pages.AHeadPage.getDropdownOptions(AHeadPage.java:179)
at com.softserve.edu.opencart.pages.AHeadPage.getDropdownOptions(AHeadPage.java:179)
at com.softserve.edu.opencart.pages.AHeadPage.getDropdownOptions(AHeadPage.java:179)
at com.softserve.edu.opencart.pages.AHeadPage.getDropdownOptions(AHeadPage.java:179)
at com.softserve.edu.opencart.pages.AHeadPage.getDropdownOptions(AHeadPage.java:179)
at com.softserve.edu.opencart.pages.AHeadPage.getDropdownOptions(AHeadPage.java:179)
at com.softserve.edu.opencart.pages.AHeadPage.getDropdownOptions(AHeadPage.java:179)
at com.softserve.edu.opencart.pages.AHeadPage.getDropdownOptions(AHeadPage.java:179)
at com.softserve.edu.opencart.pages.AHeadPage.getDropdownOptions(AHeadPage.java:179)
at com.softserve.edu.opencart.pages.AHeadPage.getDropdownOptions(AHeadPage.java:179)
at com.softserve.edu.opencart.pages.AHeadPage.getDropdownOptions(AHeadPage.java:179)
at com.softserve.edu.opencart.pages.AHeadPage.getDropdownOptions(AHeadPage.java:179)
at com.softserve.edu.opencart.pages.AHeadPage.getDropdownOptions(AHeadPage.java:179)
at com.softserve.edu.opencart.pages.AHeadPage.getDropdownOptions(AHeadPage.java:179)
at com.softserve.edu.opencart.pages.AHeadPage.getDropdownOptions(AHeadPage.java:179)
at com.softserve.edu.opencart.pages.AHeadPage.getDropdownOptions(AHeadPage.java:179)
at com.softserve.edu.opencart.pages.AHeadPage.getDropdownOptions(AHeadPage.java:179)
at com.softserve.edu.opencart.pages.AHeadPage.getDropdownOptions(AHeadPage.java:179)
at com.softserve.edu.opencart.pages.AHeadPage.getDropdownOptions(AHeadPage.java:179)
at com.softserve.edu.opencart.pages.AHeadPage.getDropdownOptions(AHeadPage.java:179)
at com.softserve.edu.opencart.pages.AHeadPage.getDropdownOptions(AHeadPage.java:179)
at com.softserve.edu.opencart.pages.AHeadPage.getDropdownOptions(AHeadPage.java:179)
at com.softserve.edu.opencart.pages.AHeadPage.getDropdownOptions(AHeadPage.java:179)
at com.softserve.edu.opencart.pages.AHeadPage.getDropdownOptions(AHeadPage.java:179)
at com.softserve.edu.opencart.pages.AHeadPage.getDropdownOptions(AHeadPage.java:179)
at com.softserve.edu.opencart.pages.AHeadPage.getDropdownOptions(AHeadPage.java:179)
at com.softserve.edu.opencart.pages.AHeadPage.getDropdownOptions(AHeadPage.java:179)
at com.softserve.edu.opencart.pages.AHeadPage.getDropdownOptions(AHeadPage.java:179)
at com.softserve.edu.opencart.pages.AHeadPage.getDropdownOptions(AHeadPage.java:179)
at com.softserve.edu.opencart.pages.AHeadPage.getDropdownOptions(AHeadPage.java:179)
at com.softserve.edu.opencart.pages.AHeadPage.getDropdownOptions(AHeadPage.java:179)
at com.softserve.edu.opencart.pages.AHeadPage.getDropdownOptions(AHeadPage.java:179)
at com.softserve.edu.opencart.pages.AHeadPage.getDropdownOptions(AHeadPage.java:179)
at com.softserve.edu.opencart.pages.AHeadPage.getDropdownOptions(AHeadPage.java:179)
at com.softserve.edu.opencart.pages.AHeadPage.getDropdownOptions(AHeadPage.java:179)
at com.softserve.edu.opencart.pages.AHeadPage.getDropdownOptions(AHeadPage.java:179)
at com.softserve.edu.opencart.pages.AHeadPage.getDropdownOptions(AHeadPage.java:179)
at com.softserve.edu.opencart.pages.AHeadPage.getDropdownOptions(AHeadPage.java:179)
at com.softserve.edu.opencart.pages.AHeadPage.getDropdownOptions(AHeadPage.java:179)
at com.softserve.edu.opencart.pages.AHeadPage.getDropdownOptions(AHeadPage.java:179)
at com.softserve.edu.opencart.pages.AHeadPage.getDropdownOptions(AHeadPage.java:179)
at com.softserve.edu.opencart.pages.AHeadPage.getDropdownOptions(AHeadPage.java:179)
at com.softserve.edu.opencart.pages.AHeadPage.getDropdownOptions(AHeadPage.java:179)
at com.softserve.edu.opencart.pages.AHeadPage.getDropdownOptions(AHeadPage.java:179)
at com.softserve.edu.opencart.pages.AHeadPage.getDropdownOptions(AHeadPage.java:179)
at com.softserve.edu.opencart.pages.AHeadPage.getDropdownOptions(AHeadPage.java:179)
at com.softserve.edu.opencart.pages.AHeadPage.getDropdownOptions(AHeadPage.java:179)
at com.softserve.edu.opencart.pages.AHeadPage.getDropdownOptions(AHeadPage.java:179)
at com.softserve.edu.opencart.pages.AHeadPage.getDropdownOptions(AHeadPage.java:179)
at com.softserve.edu.opencart.pages.AHeadPage.getDropdownOptions(AHeadPage.java:179)
at com.softserve.edu.opencart.pages.AHeadPage.getDropdownOptions(AHeadPage.java:179)
at com.softserve.edu.opencart.pages.AHeadPage.getDropdownOptions(AHeadPage.java:179)
at com.softserve.edu.opencart.pages.AHeadPage.getDropdownOptions(AHeadPage.java:179)
at com.softserve.edu.opencart.pages.AHeadPage.getDropdownOptions(AHeadPage.java:179)
at com.softserve.edu.opencart.pages.AHeadPage.getDropdownOptions(AHeadPage.java:179)
at com.softserve.edu.opencart.pages.AHeadPage.getDropdownOptions(AHeadPage.java:179)
at com.softserve.edu.opencart.pages.AHeadPage.getDropdownOptions(AHeadPage.java:179)
at com.softserve.edu.opencart.pages.AHeadPage.getDropdownOptions(AHeadPage.java:179)
at com.softserve.edu.opencart.pages.AHeadPage.getDropdownOptions(AHeadPage.java:179)
at com.softserve.edu.opencart.pages.AHeadPage.getDropdownOptions(AHeadPage.java:179)
at com.softserve.edu.opencart.pages.AHeadPage.getDropdownOptions(AHeadPage.java:179)
at com.softserve.edu.opencart.pages.AHeadPage.getDropdownOptions(AHeadPage.java:179)
at com.softserve.edu.opencart.pages.AHeadPage.getDropdownOptions(AHeadPage.java:179)
at com.softserve.edu.opencart.pages.AHeadPage.getDropdownOptions(AHeadPage.java:179)
at com.softserve.edu.opencart.pages.AHeadPage.getDropdownOptions(AHeadPage.java:179)
at com.softserve.edu.opencart.pages.AHeadPage.getDropdownOptions(AHeadPage.java:179)
at com.softserve.edu.opencart.pages.AHeadPage.getDropdownOptions(AHeadPage.java:179)
at com.softserve.edu.opencart.pages.AHeadPage.getDropdownOptions(AHeadPage.java:179)
at com.softserve.edu.opencart.pages.AHeadPage.getDropdownOptions(AHeadPage.java:179)
at com.softserve.edu.opencart.pages.AHeadPage.getDropdownOptions(AHeadPage.java:179)
at com.softserve.edu.opencart.pages.AHeadPage.getDropdownOptions(AHeadPage.java:179)
at com.softserve.edu.opencart.pages.AHeadPage.getDropdownOptions(AHeadPage.java:179)
at com.softserve.edu.opencart.pages.AHeadPage.getDropdownOptions(AHeadPage.java:179)
at com.softserve.edu.opencart.pages.AHeadPage.getDropdownOptions(AHeadPage.java:179)
at com.softserve.edu.opencart.pages.AHeadPage.getDropdownOptions(AHeadPage.java:179)
at com.softserve.edu.opencart.pages.AHeadPage.getDropdownOptions(AHeadPage.java:179)
at com.softserve.edu.opencart.pages.AHeadPage.getDropdownOptions(AHeadPage.java:179)
at com.softserve.edu.opencart.pages.AHeadPage.getDropdownOptions(AHeadPage.java:179)
at com.softserve.edu.opencart.pages.AHeadPage.getDropdownOptions(AHeadPage.java:179)
at com.softserve.edu.opencart.pages.AHeadPage.getDropdownOptions(AHeadPage.java:179)
at com.softserve.edu.opencart.pages.AHeadPage.getDropdownOptions(AHeadPage.java:179)
at com.softserve.edu.opencart.pages.AHeadPage.getDropdownOptions(AHeadPage.java:179)
at com.softserve.edu.opencart.pages.AHeadPage.getDropdownOptions(AHeadPage.java:179)
at com.softserve.edu.opencart.pages.AHeadPage.getDropdownOptions(AHeadPage.java:179)
at com.softserve.edu.opencart.pages.AHeadPage.getDropdownOptions(AHeadPage.java:179)
at com.softserve.edu.opencart.pages.AHeadPage.getDropdownOptions(AHeadPage.java:179)
at com.softserve.edu.opencart.pages.AHeadPage.getDropdownOptions(AHeadPage.java:179)
at com.softserve.edu.opencart.pages.AHeadPage.getDropdownOptions(AHeadPage.java:179)
at com.softserve.edu.opencart.pages.AHeadPage.getDropdownOptions(AHeadPage.java:179)
at com.softserve.edu.opencart.pages.AHeadPage.getDropdownOptions(AHeadPage.java:179)
at com.softserve.edu.opencart.pages.AHeadPage.getDropdownOptions(AHeadPage.java:179)
at com.softserve.edu.opencart.pages.AHeadPage.getDropdownOptions(AHeadPage.java:179)
at com.softserve.edu.opencart.pages.AHeadPage.getDropdownOptions(AHeadPage.java:179)
at com.softserve.edu.opencart.pages.AHeadPage.getDropdownOptions(AHeadPage.java:179)
at com.softserve.edu.opencart.pages.AHeadPage.getDropdownOptions(AHeadPage.java:179)
at com.softserve.edu.opencart.pages.AHeadPage.getDropdownOptions(AHeadPage.java:179)
at com.softserve.edu.opencart.pages.AHeadPage.getDropdownOptions(AHeadPage.java:179)
at com.softserve.edu.opencart.pages.AHeadPage.getDropdownOptions(AHeadPage.java:179)
at com.softserve.edu.opencart.pages.AHeadPage.getDropdownOptions(AHeadPage.java:179)
at com.softserve.edu.opencart.pages.AHeadPage.getDropdownOptions(AHeadPage.java:179)
at com.softserve.edu.opencart.pages.AHeadPage.getDropdownOptions(AHeadPage.java:179)
at com.softserve.edu.opencart.pages.AHeadPage.getDropdownOptions(AHeadPage.java:179)
at com.softserve.edu.opencart.pages.AHeadPage.getDropdownOptions(AHeadPage.java:179)
at com.softserve.edu.opencart.pages.AHeadPage.getDropdownOptions(AHeadPage.java:179)
at com.softserve.edu.opencart.pages.AHeadPage.getDropdownOptions(AHeadPage.java:179)
at com.softserve.edu.opencart.pages.AHeadPage.getDropdownOptions(AHeadPage.java:179)
at com.softserve.edu.opencart.pages.AHeadPage.getDropdownOptions(AHeadPage.java:179)
at com.softserve.edu.opencart.pages.AHeadPage.getDropdownOptions(AHeadPage.java:179)
at com.softserve.edu.opencart.pages.AHeadPage.getDropdownOptions(AHeadPage.java:179)
at com.softserve.edu.opencart.pages.AHeadPage.getDropdownOptions(AHeadPage.java:179)
at com.softserve.edu.opencart.pages.AHeadPage.getDropdownOptions(AHeadPage.java:179)
at com.softserve.edu.opencart.pages.AHeadPage.getDropdownOptions(AHeadPage.java:179)
at com.softserve.edu.opencart.pages.AHeadPage.getDropdownOptions(AHeadPage.java:179)
at com.softserve.edu.opencart.pages.AHeadPage.getDropdownOptions(AHeadPage.java:179)
at com.softserve.edu.opencart.pages.AHeadPage.getDropdownOptions(AHeadPage.java:179)
at com.softserve.edu.opencart.pages.AHeadPage.getDropdownOptions(AHeadPage.java:179)
at com.softserve.edu.opencart.pages.AHeadPage.getDropdownOptions(AHeadPage.java:179)
at com.softserve.edu.opencart.pages.AHeadPage.getDropdownOptions(AHeadPage.java:179)
at com.softserve.edu.opencart.pages.AHeadPage.getDropdownOptions(AHeadPage.java:179)
at com.softserve.edu.opencart.pages.AHeadPage.getDropdownOptions(AHeadPage.java:179)
at com.softserve.edu.opencart.pages.AHeadPage.getDropdownOptions(AHeadPage.java:179)
at com.softserve.edu.opencart.pages.AHeadPage.getDropdownOptions(AHeadPage.java:179)
at com.softserve.edu.opencart.pages.AHeadPage.getDropdownOptions(AHeadPage.java:179)
at com.softserve.edu.opencart.pages.AHeadPage.getDropdownOptions(AHeadPage.java:179)
at com.softserve.edu.opencart.pages.AHeadPage.getDropdownOptions(AHeadPage.java:179)
at com.softserve.edu.opencart.pages.AHeadPage.getDropdownOptions(AHeadPage.java:179)
at com.softserve.edu.opencart.pages.AHeadPage.getDropdownOptions(AHeadPage.java:179)
at com.softserve.edu.opencart.pages.AHeadPage.getDropdownOptions(AHeadPage.java:179)
at com.softserve.edu.opencart.pages.AHeadPage.getDropdownOptions(AHeadPage.java:179)
at com.softserve.edu.opencart.pages.AHeadPage.getDropdownOptions(AHeadPage.java:179)
at com.softserve.edu.opencart.pages.AHeadPage.getDropdownOptions(AHeadPage.java:179)
at com.softserve.edu.opencart.pages.AHeadPage.getDropdownOptions(AHeadPage.java:179)
at com.softserve.edu.opencart.pages.AHeadPage.getDropdownOptions(AHeadPage.java:179)
at com.softserve.edu.opencart.pages.AHeadPage.getDropdownOptions(AHeadPage.java:179)
at com.softserve.edu.opencart.pages.AHeadPage.getDropdownOptions(AHeadPage.java:179)
at com.softserve.edu.opencart.pages.AHeadPage.getDropdownOptions(AHeadPage.java:179)
at com.softserve.edu.opencart.pages.AHeadPage.getDropdownOptions(AHeadPage.java:179)
at com.softserve.edu.opencart.pages.AHeadPage.getDropdownOptions(AHeadPage.java:179)
at com.softserve.edu.opencart.pages.AHeadPage.getDropdownOptions(AHeadPage.java:179)
at com.softserve.edu.opencart.pages.AHeadPage.getDropdownOptions(AHeadPage.java:179)
at com.softserve.edu.opencart.pages.AHeadPage.getDropdownOptions(AHeadPage.java:179)
at com.softserve.edu.opencart.pages.AHeadPage.getDropdownOptions(AHeadPage.java:179)
at com.softserve.edu.opencart.pages.AHeadPage.getDropdownOptions(AHeadPage.java:179)
at com.softserve.edu.opencart.pages.AHeadPage.getDropdownOptions(AHeadPage.java:179)
at com.softserve.edu.opencart.pages.AHeadPage.getDropdownOptions(AHeadPage.java:179)
at com.softserve.edu.opencart.pages.AHeadPage.getDropdownOptions(AHeadPage.java:179)
at com.softserve.edu.opencart.pages.AHeadPage.getDropdownOptions(AHeadPage.java:179)
at com.softserve.edu.opencart.pages.AHeadPage.getDropdownOptions(AHeadPage.java:179)
at com.softserve.edu.opencart.pages.AHeadPage.getDropdownOptions(AHeadPage.java:179)
at com.softserve.edu.opencart.pages.AHeadPage.getDropdownOptions(AHeadPage.java:179)
at com.softserve.edu.opencart.pages.AHeadPage.getDropdownOptions(AHeadPage.java:179)
at com.softserve.edu.opencart.pages.AHeadPage.getDropdownOptions(AHeadPage.java:179)
at com.softserve.edu.opencart.pages.AHeadPage.getDropdownOptions(AHeadPage.java:179)
at com.softserve.edu.opencart.pages.AHeadPage.getDropdownOptions(AHeadPage.java:179)
at com.softserve.edu.opencart.pages.AHeadPage.getDropdownOptions(AHeadPage.java:179)
at com.softserve.edu.opencart.pages.AHeadPage.getDropdownOptions(AHeadPage.java:179)
at com.softserve.edu.opencart.pages.AHeadPage.getDropdownOptions(AHeadPage.java:179)
at com.softserve.edu.opencart.pages.AHeadPage.getDropdownOptions(AHeadPage.java:179)
at com.softserve.edu.opencart.pages.AHeadPage.getDropdownOptions(AHeadPage.java:179)
at com.softserve.edu.opencart.pages.AHeadPage.getDropdownOptions(AHeadPage.java:179)
at com.softserve.edu.opencart.pages.AHeadPage.getDropdownOptions(AHeadPage.java:179)
at com.softserve.edu.opencart.pages.AHeadPage.getDropdownOptions(AHeadPage.java:179)
at com.softserve.edu.opencart.pages.AHeadPage.getDropdownOptions(AHeadPage.java:179)
at com.softserve.edu.opencart.pages.AHeadPage.getDropdownOptions(AHeadPage.java:179)
at com.softserve.edu.opencart.pages.AHeadPage.getDropdownOptions(AHeadPage.java:179)
at com.softserve.edu.opencart.pages.AHeadPage.getDropdownOptions(AHeadPage.java:179)
at com.softserve.edu.opencart.pages.AHeadPage.getDropdownOptions(AHeadPage.java:179)
at com.softserve.edu.opencart.pages.AHeadPage.getDropdownOptions(AHeadPage.java:179)
at com.softserve.edu.opencart.pages.AHeadPage.getDropdownOptions(AHeadPage.java:179)
at com.softserve.edu.opencart.pages.AHeadPage.getDropdownOptions(AHeadPage.java:179)
at com.softserve.edu.opencart.pages.AHeadPage.getDropdownOptions(AHeadPage.java:179)
at com.softserve.edu.opencart.pages.AHeadPage.getDropdownOptions(AHeadPage.java:179)
at com.softserve.edu.opencart.pages.AHeadPage.getDropdownOptions(AHeadPage.java:179)
at com.softserve.edu.opencart.pages.AHeadPage.getDropdownOptions(AHeadPage.java:179)
at com.softserve.edu.opencart.pages.AHeadPage.getDropdownOptions(AHeadPage.java:179)
at com.softserve.edu.opencart.pages.AHeadPage.getDropdownOptions(AHeadPage.java:179)
at com.softserve.edu.opencart.pages.AHeadPage.getDropdownOptions(AHeadPage.java:179)
at com.softserve.edu.opencart.pages.AHeadPage.getDropdownOptions(AHeadPage.java:179)
at com.softserve.edu.opencart.pages.AHeadPage.getDropdownOptions(AHeadPage.java:179)
at com.softserve.edu.opencart.pages.AHeadPage.getDropdownOptions(AHeadPage.java:179)
at com.softserve.edu.opencart.pages.AHeadPage.getDropdownOptions(AHeadPage.java:179)
at com.softserve.edu.opencart.pages.AHeadPage.getDropdownOptions(AHeadPage.java:179)
at com.softserve.edu.opencart.pages.AHeadPage.getDropdownOptions(AHeadPage.java:179)
at com.softserve.edu.opencart.pages.AHeadPage.getDropdownOptions(AHeadPage.java:179)
at com.softserve.edu.opencart.pages.AHeadPage.getDropdownOptions(AHeadPage.java:179)
at com.softserve.edu.opencart.pages.AHeadPage.getDropdownOptions(AHeadPage.java:179)
at com.softserve.edu.opencart.pages.AHeadPage.getDropdownOptions(AHeadPage.java:179)
at com.softserve.edu.opencart.pages.AHeadPage.getDropdownOptions(AHeadPage.java:179)
at com.softserve.edu.opencart.pages.AHeadPage.getDropdownOptions(AHeadPage.java:179)
at com.softserve.edu.opencart.pages.AHeadPage.getDropdownOptions(AHeadPage.java:179)
at com.softserve.edu.opencart.pages.AHeadPage.getDropdownOptions(AHeadPage.java:179)
at com.softserve.edu.opencart.pages.AHeadPage.getDropdownOptions(AHeadPage.java:179)
at com.softserve.edu.opencart.pages.AHeadPage.getDropdownOptions(AHeadPage.java:179)
at com.softserve.edu.opencart.pages.AHeadPage.getDropdownOptions(AHeadPage.java:179)
at com.softserve.edu.opencart.pages.AHeadPage.getDropdownOptions(AHeadPage.java:179)
at com.softserve.edu.opencart.pages.AHeadPage.getDropdownOptions(AHeadPage.java:179)
at com.softserve.edu.opencart.pages.AHeadPage.getDropdownOptions(AHeadPage.java:179)
at com.softserve.edu.opencart.pages.AHeadPage.getDropdownOptions(AHeadPage.java:179)
at com.softserve.edu.opencart.pages.AHeadPage.getDropdownOptions(AHeadPage.java:179)
at com.softserve.edu.opencart.pages.AHeadPage.getDropdownOptions(AHeadPage.java:179)
at com.softserve.edu.opencart.pages.AHeadPage.getDropdownOptions(AHeadPage.java:179)
at com.softserve.edu.opencart.pages.AHeadPage.getDropdownOptions(AHeadPage.java:179)
at com.softserve.edu.opencart.pages.AHeadPage.getDropdownOptions(AHeadPage.java:179)
at com.softserve.edu.opencart.pages.AHeadPage.getDropdownOptions(AHeadPage.java:179)
at com.softserve.edu.opencart.pages.AHeadPage.getDropdownOptions(AHeadPage.java:179)
at com.softserve.edu.opencart.pages.AHeadPage.getDropdownOptions(AHeadPage.java:179)
at com.softserve.edu.opencart.pages.AHeadPage.getDropdownOptions(AHeadPage.java:179)
at com.softserve.edu.opencart.pages.AHeadPage.getDropdownOptions(AHeadPage.java:179)
at com.softserve.edu.opencart.pages.AHeadPage.getDropdownOptions(AHeadPage.java:179)
at com.softserve.edu.opencart.pages.AHeadPage.getDropdownOptions(AHeadPage.java:179)
at com.softserve.edu.opencart.pages.AHeadPage.getDropdownOptions(AHeadPage.java:179)
at com.softserve.edu.opencart.pages.AHeadPage.getDropdownOptions(AHeadPage.java:179)
at com.softserve.edu.opencart.pages.AHeadPage.getDropdownOptions(AHeadPage.java:179)
at com.softserve.edu.opencart.pages.AHeadPage.getDropdownOptions(AHeadPage.java:179)
at com.softserve.edu.opencart.pages.AHeadPage.getDropdownOptions(AHeadPage.java:179)
at com.softserve.edu.opencart.pages.AHeadPage.getDropdownOptions(AHeadPage.java:179)
at com.softserve.edu.opencart.pages.AHeadPage.getDropdownOptions(AHeadPage.java:179)
at com.softserve.edu.opencart.pages.AHeadPage.getDropdownOptions(AHeadPage.java:179)
at com.softserve.edu.opencart.pages.AHeadPage.getDropdownOptions(AHeadPage.java:179)
at com.softserve.edu.opencart.pages.AHeadPage.getDropdownOptions(AHeadPage.java:179)
at com.softserve.edu.opencart.pages.AHeadPage.getDropdownOptions(AHeadPage.java:179)
at com.softserve.edu.opencart.pages.AHeadPage.getDropdownOptions(AHeadPage.java:179)
at com.softserve.edu.opencart.pages.AHeadPage.getDropdownOptions(AHeadPage.java:179)
at com.softserve.edu.opencart.pages.AHeadPage.getDropdownOptions(AHeadPage.java:179)
at com.softserve.edu.opencart.pages.AHeadPage.getDropdownOptions(AHeadPage.java:179)
at com.softserve.edu.opencart.pages.AHeadPage.getDropdownOptions(AHeadPage.java:179)
at com.softserve.edu.opencart.pages.AHeadPage.getDropdownOptions(AHeadPage.java:179)
at com.softserve.edu.opencart.pages.AHeadPage.getDropdownOptions(AHeadPage.java:179)
at com.softserve.edu.opencart.pages.AHeadPage.getDropdownOptions(AHeadPage.java:179)
at com.softserve.edu.opencart.pages.AHeadPage.getDropdownOptions(AHeadPage.java:179)
at com.softserve.edu.opencart.pages.AHeadPage.getDropdownOptions(AHeadPage.java:179)
at com.softserve.edu.opencart.pages.AHeadPage.getDropdownOptions(AHeadPage.java:179)
at com.softserve.edu.opencart.pages.AHeadPage.getDropdownOptions(AHeadPage.java:179)
at com.softserve.edu.opencart.pages.AHeadPage.getDropdownOptions(AHeadPage.java:179)
at com.softserve.edu.opencart.pages.AHeadPage.getDropdownOptions(AHeadPage.java:179)
at com.softserve.edu.opencart.pages.AHeadPage.getDropdownOptions(AHeadPage.java:179)
at com.softserve.edu.opencart.pages.AHeadPage.getDropdownOptions(AHeadPage.java:179)
at com.softserve.edu.opencart.pages.AHeadPage.getDropdownOptions(AHeadPage.java:179)
at com.softserve.edu.opencart.pages.AHeadPage.getDropdownOptions(AHeadPage.java:179)
at com.softserve.edu.opencart.pages.AHeadPage.getDropdownOptions(AHeadPage.java:179)
at com.softserve.edu.opencart.pages.AHeadPage.getDropdownOptions(AHeadPage.java:179)
at com.softserve.edu.opencart.pages.AHeadPage.getDropdownOptions(AHeadPage.java:179)
at com.softserve.edu.opencart.pages.AHeadPage.getDropdownOptions(AHeadPage.java:179)
at com.softserve.edu.opencart.pages.AHeadPage.getDropdownOptions(AHeadPage.java:179)
at com.softserve.edu.opencart.pages.AHeadPage.getDropdownOptions(AHeadPage.java:179)
at com.softserve.edu.opencart.pages.AHeadPage.getDropdownOptions(AHeadPage.java:179)
at com.softserve.edu.opencart.pages.AHeadPage.getDropdownOptions(AHeadPage.java:179)
at com.softserve.edu.opencart.pages.AHeadPage.getDropdownOptions(AHeadPage.java:179)
at com.softserve.edu.opencart.pages.AHeadPage.getDropdownOptions(AHeadPage.java:179)
at com.softserve.edu.opencart.pages.AHeadPage.getDropdownOptions(AHeadPage.java:179)
at com.softserve.edu.opencart.pages.AHeadPage.getDropdownOptions(AHeadPage.java:179)
at com.softserve.edu.opencart.pages.AHeadPage.getDropdownOptions(AHeadPage.java:179)
at com.softserve.edu.opencart.pages.AHeadPage.getDropdownOptions(AHeadPage.java:179)
at com.softserve.edu.opencart.pages.AHeadPage.getDropdownOptions(AHeadPage.java:179)
at com.softserve.edu.opencart.pages.AHeadPage.getDropdownOptions(AHeadPage.java:179)
at com.softserve.edu.opencart.pages.AHeadPage.getDropdownOptions(AHeadPage.java:179)
at com.softserve.edu.opencart.pages.AHeadPage.getDropdownOptions(AHeadPage.java:179)
at com.softserve.edu.opencart.pages.AHeadPage.getDropdownOptions(AHeadPage.java:179)
at com.softserve.edu.opencart.pages.AHeadPage.getDropdownOptions(AHeadPage.java:179)
at com.softserve.edu.opencart.pages.AHeadPage.getDropdownOptions(AHeadPage.java:179)
at com.softserve.edu.opencart.pages.AHeadPage.getDropdownOptions(AHeadPage.java:179)
at com.softserve.edu.opencart.pages.AHeadPage.getDropdownOptions(AHeadPage.java:179)
at com.softserve.edu.opencart.pages.AHeadPage.getDropdownOptions(AHeadPage.java:179)
at com.softserve.edu.opencart.pages.AHeadPage.getDropdownOptions(AHeadPage.java:179)
at com.softserve.edu.opencart.pages.AHeadPage.getDropdownOptions(AHeadPage.java:179)
at com.softserve.edu.opencart.pages.AHeadPage.getDropdownOptions(AHeadPage.java:179)
at com.softserve.edu.opencart.pages.AHeadPage.getDropdownOptions(AHeadPage.java:179)
at com.softserve.edu.opencart.pages.AHeadPage.getDropdownOptions(AHeadPage.java:179)
at com.softserve.edu.opencart.pages.AHeadPage.getDropdownOptions(AHeadPage.java:179)
at com.softserve.edu.opencart.pages.AHeadPage.getDropdownOptions(AHeadPage.java:179)
at com.softserve.edu.opencart.pages.AHeadPage.getDropdownOptions(AHeadPage.java:179)
at com.softserve.edu.opencart.pages.AHeadPage.getDropdownOptions(AHeadPage.java:179)
at com.softserve.edu.opencart.pages.AHeadPage.getDropdownOptions(AHeadPage.java:179)
at com.softserve.edu.opencart.pages.AHeadPage.getDropdownOptions(AHeadPage.java:179)
at com.softserve.edu.opencart.pages.AHeadPage.getDropdownOptions(AHeadPage.java:179)
at com.softserve.edu.opencart.pages.AHeadPage.getDropdownOptions(AHeadPage.java:179)
at com.softserve.edu.opencart.pages.AHeadPage.getDropdownOptions(AHeadPage.java:179)
at com.softserve.edu.opencart.pages.AHeadPage.getDropdownOptions(AHeadPage.java:179)
at com.softserve.edu.opencart.pages.AHeadPage.getDropdownOptions(AHeadPage.java:179)
at com.softserve.edu.opencart.pages.AHeadPage.getDropdownOptions(AHeadPage.java:179)
at com.softserve.edu.opencart.pages.AHeadPage.getDropdownOptions(AHeadPage.java:179)
at com.softserve.edu.opencart.pages.AHeadPage.getDropdownOptions(AHeadPage.java:179)
at com.softserve.edu.opencart.pages.AHeadPage.getDropdownOptions(AHeadPage.java:179)
at com.softserve.edu.opencart.pages.AHeadPage.getDropdownOptions(AHeadPage.java:179)
at com.softserve.edu.opencart.pages.AHeadPage.getDropdownOptions(AHeadPage.java:179)
at com.softserve.edu.opencart.pages.AHeadPage.getDropdownOptions(AHeadPage.java:179)
at com.softserve.edu.opencart.pages.AHeadPage.getDropdownOptions(AHeadPage.java:179)
at com.softserve.edu.opencart.pages.AHeadPage.getDropdownOptions(AHeadPage.java:179)
at com.softserve.edu.opencart.pages.AHeadPage.getDropdownOptions(AHeadPage.java:179)
at com.softserve.edu.opencart.pages.AHeadPage.getDropdownOptions(AHeadPage.java:179)
at com.softserve.edu.opencart.pages.AHeadPage.getDropdownOptions(AHeadPage.java:179)
at com.softserve.edu.opencart.pages.AHeadPage.getDropdownOptions(AHeadPage.java:179)
at com.softserve.edu.opencart.pages.AHeadPage.getDropdownOptions(AHeadPage.java:179)
at com.softserve.edu.opencart.pages.AHeadPage.getDropdownOptions(AHeadPage.java:179)
at com.softserve.edu.opencart.pages.AHeadPage.getDropdownOptions(AHeadPage.java:179)
at com.softserve.edu.opencart.pages.AHeadPage.getDropdownOptions(AHeadPage.java:179)
at com.softserve.edu.opencart.pages.AHeadPage.getDropdownOptions(AHeadPage.java:179)
at com.softserve.edu.opencart.pages.AHeadPage.getDropdownOptions(AHeadPage.java:179)
at com.softserve.edu.opencart.pages.AHeadPage.getDropdownOptions(AHeadPage.java:179)
at com.softserve.edu.opencart.pages.AHeadPage.getDropdownOptions(AHeadPage.java:179)
at com.softserve.edu.opencart.pages.AHeadPage.getDropdownOptions(AHeadPage.java:179)
at com.softserve.edu.opencart.pages.AHeadPage.getDropdownOptions(AHeadPage.java:179)
at com.softserve.edu.opencart.pages.AHeadPage.getDropdownOptions(AHeadPage.java:179)
at com.softserve.edu.opencart.pages.AHeadPage.getDropdownOptions(AHeadPage.java:179)
at com.softserve.edu.opencart.pages.AHeadPage.getDropdownOptions(AHeadPage.java:179)
at com.softserve.edu.opencart.pages.AHeadPage.getDropdownOptions(AHeadPage.java:179)
at com.softserve.edu.opencart.pages.AHeadPage.getDropdownOptions(AHeadPage.java:179)
at com.softserve.edu.opencart.pages.AHeadPage.getDropdownOptions(AHeadPage.java:179)
at com.softserve.edu.opencart.pages.AHeadPage.getDropdownOptions(AHeadPage.java:179)
at com.softserve.edu.opencart.pages.AHeadPage.getDropdownOptions(AHeadPage.java:179)
at com.softserve.edu.opencart.pages.AHeadPage.getDropdownOptions(AHeadPage.java:179)
at com.softserve.edu.opencart.pages.AHeadPage.getDropdownOptions(AHeadPage.java:179)
at com.softserve.edu.opencart.pages.AHeadPage.getDropdownOptions(AHeadPage.java:179)
at com.softserve.edu.opencart.pages.AHeadPage.getDropdownOptions(AHeadPage.java:179)
at com.softserve.edu.opencart.pages.AHeadPage.getDropdownOptions(AHeadPage.java:179)
at com.softserve.edu.opencart.pages.AHeadPage.getDropdownOptions(AHeadPage.java:179)
at com.softserve.edu.opencart.pages.AHeadPage.getDropdownOptions(AHeadPage.java:179)
at com.softserve.edu.opencart.pages.AHeadPage.getDropdownOptions(AHeadPage.java:179)
at com.softserve.edu.opencart.pages.AHeadPage.getDropdownOptions(AHeadPage.java:179)
at com.softserve.edu.opencart.pages.AHeadPage.getDropdownOptions(AHeadPage.java:179)
at com.softserve.edu.opencart.pages.AHeadPage.getDropdownOptions(AHeadPage.java:179)
at com.softserve.edu.opencart.pages.AHeadPage.getDropdownOptions(AHeadPage.java:179)
at com.softserve.edu.opencart.pages.AHeadPage.getDropdownOptions(AHeadPage.java:179)
at com.softserve.edu.opencart.pages.AHeadPage.getDropdownOptions(AHeadPage.java:179)
at com.softserve.edu.opencart.pages.AHeadPage.getDropdownOptions(AHeadPage.java:179)
at com.softserve.edu.opencart.pages.AHeadPage.getDropdownOptions(AHeadPage.java:179)
at com.softserve.edu.opencart.pages.AHeadPage.getDropdownOptions(AHeadPage.java:179)
at com.softserve.edu.opencart.pages.AHeadPage.getDropdownOptions(AHeadPage.java:179)
at com.softserve.edu.opencart.pages.AHeadPage.getDropdownOptions(AHeadPage.java:179)
at com.softserve.edu.opencart.pages.AHeadPage.getDropdownOptions(AHeadPage.java:179)
at com.softserve.edu.opencart.pages.AHeadPage.getDropdownOptions(AHeadPage.java:179)
at com.softserve.edu.opencart.pages.AHeadPage.getDropdownOptions(AHeadPage.java:179)
at com.softserve.edu.opencart.pages.AHeadPage.getDropdownOptions(AHeadPage.java:179)
at com.softserve.edu.opencart.pages.AHeadPage.getDropdownOptions(AHeadPage.java:179)
at com.softserve.edu.opencart.pages.AHeadPage.getDropdownOptions(AHeadPage.java:179)
at com.softserve.edu.opencart.pages.AHeadPage.getDropdownOptions(AHeadPage.java:179)
at com.softserve.edu.opencart.pages.AHeadPage.getDropdownOptions(AHeadPage.java:179)
at com.softserve.edu.opencart.pages.AHeadPage.getDropdownOptions(AHeadPage.java:179)
at com.softserve.edu.opencart.pages.AHeadPage.getDropdownOptions(AHeadPage.java:179)
at com.softserve.edu.opencart.pages.AHeadPage.getDropdownOptions(AHeadPage.java:179)
at com.softserve.edu.opencart.pages.AHeadPage.getDropdownOptions(AHeadPage.java:179)
at com.softserve.edu.opencart.pages.AHeadPage.getDropdownOptions(AHeadPage.java:179)
at com.softserve.edu.opencart.pages.AHeadPage.getDropdownOptions(AHeadPage.java:179)
at com.softserve.edu.opencart.pages.AHeadPage.getDropdownOptions(AHeadPage.java:179)
at com.softserve.edu.opencart.pages.AHeadPage.getDropdownOptions(AHeadPage.java:179)
at com.softserve.edu.opencart.pages.AHeadPage.getDropdownOptions(AHeadPage.java:179)
at com.softserve.edu.opencart.pages.AHeadPage.getDropdownOptions(AHeadPage.java:179)
at com.softserve.edu.opencart.pages.AHeadPage.getDropdownOptions(AHeadPage.java:179)
at com.softserve.edu.opencart.pages.AHeadPage.getDropdownOptions(AHeadPage.java:179)
at com.softserve.edu.opencart.pages.AHeadPage.getDropdownOptions(AHeadPage.java:179)
at com.softserve.edu.opencart.pages.AHeadPage.getDropdownOptions(AHeadPage.java:179)
at com.softserve.edu.opencart.pages.AHeadPage.getDropdownOptions(AHeadPage.java:179)
at com.softserve.edu.opencart.pages.AHeadPage.getDropdownOptions(AHeadPage.java:179)
at com.softserve.edu.opencart.pages.AHeadPage.getDropdownOptions(AHeadPage.java:179)
at com.softserve.edu.opencart.pages.AHeadPage.getDropdownOptions(AHeadPage.java:179)
at com.softserve.edu.opencart.pages.AHeadPage.getDropdownOptions(AHeadPage.java:179)
at com.softserve.edu.opencart.pages.AHeadPage.getDropdownOptions(AHeadPage.java:179)
at com.softserve.edu.opencart.pages.AHeadPage.getDropdownOptions(AHeadPage.java:179)
at com.softserve.edu.opencart.pages.AHeadPage.getDropdownOptions(AHeadPage.java:179)
at com.softserve.edu.opencart.pages.AHeadPage.getDropdownOptions(AHeadPage.java:179)
at com.softserve.edu.opencart.pages.AHeadPage.getDropdownOptions(AHeadPage.java:179)
at com.softserve.edu.opencart.pages.AHeadPage.getDropdownOptions(AHeadPage.java:179)
at com.softserve.edu.opencart.pages.AHeadPage.getDropdownOptions(AHeadPage.java:179)
at com.softserve.edu.opencart.pages.AHeadPage.getDropdownOptions(AHeadPage.java:179)
at com.softserve.edu.opencart.pages.AHeadPage.getDropdownOptions(AHeadPage.java:179)
at com.softserve.edu.opencart.pages.AHeadPage.getDropdownOptions(AHeadPage.java:179)
at com.softserve.edu.opencart.pages.AHeadPage.getDropdownOptions(AHeadPage.java:179)
at com.softserve.edu.opencart.pages.AHeadPage.getDropdownOptions(AHeadPage.java:179)
at com.softserve.edu.opencart.pages.AHeadPage.getDropdownOptions(AHeadPage.java:179)
at com.softserve.edu.opencart.pages.AHeadPage.getDropdownOptions(AHeadPage.java:179)
at com.softserve.edu.opencart.pages.AHeadPage.getDropdownOptions(AHeadPage.java:179)
at com.softserve.edu.opencart.pages.AHeadPage.getDropdownOptions(AHeadPage.java:179)
at com.softserve.edu.opencart.pages.AHeadPage.getDropdownOptions(AHeadPage.java:179)
at com.softserve.edu.opencart.pages.AHeadPage.getDropdownOptions(AHeadPage.java:179)
at com.softserve.edu.opencart.pages.AHeadPage.getDropdownOptions(AHeadPage.java:179)
at com.softserve.edu.opencart.pages.AHeadPage.getDropdownOptions(AHeadPage.java:179)
at com.softserve.edu.opencart.pages.AHeadPage.getDropdownOptions(AHeadPage.java:179)
at com.softserve.edu.opencart.pages.AHeadPage.getDropdownOptions(AHeadPage.java:179)
at com.softserve.edu.opencart.pages.AHeadPage.getDropdownOptions(AHeadPage.java:179)
at com.softserve.edu.opencart.pages.AHeadPage.getDropdownOptions(AHeadPage.java:179)
at com.softserve.edu.opencart.pages.AHeadPage.getDropdownOptions(AHeadPage.java:179)
at com.softserve.edu.opencart.pages.AHeadPage.getDropdownOptions(AHeadPage.java:179)
at com.softserve.edu.opencart.pages.AHeadPage.getDropdownOptions(AHeadPage.java:179)
at com.softserve.edu.opencart.pages.AHeadPage.getDropdownOptions(AHeadPage.java:179)
at com.softserve.edu.opencart.pages.AHeadPage.getDropdownOptions(AHeadPage.java:179)
at com.softserve.edu.opencart.pages.AHeadPage.getDropdownOptions(AHeadPage.java:179)
at com.softserve.edu.opencart.pages.AHeadPage.getDropdownOptions(AHeadPage.java:179)
at com.softserve.edu.opencart.pages.AHeadPage.getDropdownOptions(AHeadPage.java:179)
at com.softserve.edu.opencart.pages.AHeadPage.getDropdownOptions(AHeadPage.java:179)
at com.softserve.edu.opencart.pages.AHeadPage.getDropdownOptions(AHeadPage.java:179)
at com.softserve.edu.opencart.pages.AHeadPage.getDropdownOptions(AHeadPage.java:179)
at com.softserve.edu.opencart.pages.AHeadPage.getDropdownOptions(AHeadPage.java:179)
at com.softserve.edu.opencart.pages.AHeadPage.getDropdownOptions(AHeadPage.java:179)
at com.softserve.edu.opencart.pages.AHeadPage.getDropdownOptions(AHeadPage.java:179)
at com.softserve.edu.opencart.pages.AHeadPage.getDropdownOptions(AHeadPage.java:179)
at com.softserve.edu.opencart.pages.AHeadPage.getDropdownOptions(AHeadPage.java:179)
at com.softserve.edu.opencart.pages.AHeadPage.getDropdownOptions(AHeadPage.java:179)
at com.softserve.edu.opencart.pages.AHeadPage.getDropdownOptions(AHeadPage.java:179)
at com.softserve.edu.opencart.pages.AHeadPage.getDropdownOptions(AHeadPage.java:179)
at com.softserve.edu.opencart.pages.AHeadPage.getDropdownOptions(AHeadPage.java:179)
at com.softserve.edu.opencart.pages.AHeadPage.getDropdownOptions(AHeadPage.java:179)
at com.softserve.edu.opencart.pages.AHeadPage.getDropdownOptions(AHeadPage.java:179)
at com.softserve.edu.opencart.pages.AHeadPage.getDropdownOptions(AHeadPage.java:179)
at com.softserve.edu.opencart.pages.AHeadPage.getDropdownOptions(AHeadPage.java:179)
at com.softserve.edu.opencart.pages.AHeadPage.getDropdownOptions(AHeadPage.java:179)
at com.softserve.edu.opencart.pages.AHeadPage.getDropdownOptions(AHeadPage.java:179)
at com.softserve.edu.opencart.pages.AHeadPage.getDropdownOptions(AHeadPage.java:179)
at com.softserve.edu.opencart.pages.AHeadPage.getDropdownOptions(AHeadPage.java:179)
at com.softserve.edu.opencart.pages.AHeadPage.getDropdownOptions(AHeadPage.java:179)
at com.softserve.edu.opencart.pages.AHeadPage.getDropdownOptions(AHeadPage.java:179)
at com.softserve.edu.opencart.pages.AHeadPage.getDropdownOptions(AHeadPage.java:179)
at com.softserve.edu.opencart.pages.AHeadPage.getDropdownOptions(AHeadPage.java:179)
at com.softserve.edu.opencart.pages.AHeadPage.getDropdownOptions(AHeadPage.java:179)
at com.softserve.edu.opencart.pages.AHeadPage.getDropdownOptions(AHeadPage.java:179)
at com.softserve.edu.opencart.pages.AHeadPage.getDropdownOptions(AHeadPage.java:179)
at com.softserve.edu.opencart.pages.AHeadPage.getDropdownOptions(AHeadPage.java:179)
at com.softserve.edu.opencart.pages.AHeadPage.getDropdownOptions(AHeadPage.java:179)
at com.softserve.edu.opencart.pages.AHeadPage.getDropdownOptions(AHeadPage.java:179)
at com.softserve.edu.opencart.pages.AHeadPage.getDropdownOptions(AHeadPage.java:179)
at com.softserve.edu.opencart.pages.AHeadPage.getDropdownOptions(AHeadPage.java:179)
at com.softserve.edu.opencart.pages.AHeadPage.getDropdownOptions(AHeadPage.java:179)
at com.softserve.edu.opencart.pages.AHeadPage.getDropdownOptions(AHeadPage.java:179)
at com.softserve.edu.opencart.pages.AHeadPage.getDropdownOptions(AHeadPage.java:179)
at com.softserve.edu.opencart.pages.AHeadPage.getDropdownOptions(AHeadPage.java:179)
at com.softserve.edu.opencart.pages.AHeadPage.getDropdownOptions(AHeadPage.java:179)
at com.softserve.edu.opencart.pages.AHeadPage.getDropdownOptions(AHeadPage.java:179)
at com.softserve.edu.opencart.pages.AHeadPage.getDropdownOptions(AHeadPage.java:179)
at com.softserve.edu.opencart.pages.AHeadPage.getDropdownOptions(AHeadPage.java:179)
at com.softserve.edu.opencart.pages.AHeadPage.getDropdownOptions(AHeadPage.java:179)
at com.softserve.edu.opencart.pages.AHeadPage.getDropdownOptions(AHeadPage.java:179)
at com.softserve.edu.opencart.pages.AHeadPage.getDropdownOptions(AHeadPage.java:179)
at com.softserve.edu.opencart.pages.AHeadPage.getDropdownOptions(AHeadPage.java:179)
at com.softserve.edu.opencart.pages.AHeadPage.getDropdownOptions(AHeadPage.java:179)
at com.softserve.edu.opencart.pages.AHeadPage.getDropdownOptions(AHeadPage.java:179)
at com.softserve.edu.opencart.pages.AHeadPage.getDropdownOptions(AHeadPage.java:179)
at com.softserve.edu.opencart.pages.AHeadPage.getDropdownOptions(AHeadPage.java:179)
at com.softserve.edu.opencart.pages.AHeadPage.getDropdownOptions(AHeadPage.java:179)
at com.softserve.edu.opencart.pages.AHeadPage.getDropdownOptions(AHeadPage.java:179)
at com.softserve.edu.opencart.pages.AHeadPage.getDropdownOptions(AHeadPage.java:179)
at com.softserve.edu.opencart.pages.AHeadPage.getDropdownOptions(AHeadPage.java:179)
at com.softserve.edu.opencart.pages.AHeadPage.getDropdownOptions(AHeadPage.java:179)
at com.softserve.edu.opencart.pages.AHeadPage.getDropdownOptions(AHeadPage.java:179)
at com.softserve.edu.opencart.pages.AHeadPage.getDropdownOptions(AHeadPage.java:179)
at com.softserve.edu.opencart.pages.AHeadPage.getDropdownOptions(AHeadPage.java:179)
at com.softserve.edu.opencart.pages.AHeadPage.getDropdownOptions(AHeadPage.java:179)
at com.softserve.edu.opencart.pages.AHeadPage.getDropdownOptions(AHeadPage.java:179)
at com.softserve.edu.opencart.pages.AHeadPage.getDropdownOptions(AHeadPage.java:179)
at com.softserve.edu.opencart.pages.AHeadPage.getDropdownOptions(AHeadPage.java:179)
at com.softserve.edu.opencart.pages.AHeadPage.getDropdownOptions(AHeadPage.java:179)
at com.softserve.edu.opencart.pages.AHeadPage.getDropdownOptions(AHeadPage.java:179)
at com.softserve.edu.opencart.pages.AHeadPage.getDropdownOptions(AHeadPage.java:179)
at com.softserve.edu.opencart.pages.AHeadPage.getDropdownOptions(AHeadPage.java:179)
at com.softserve.edu.opencart.pages.AHeadPage.getDropdownOptions(AHeadPage.java:179)
at com.softserve.edu.opencart.pages.AHeadPage.getDropdownOptions(AHeadPage.java:179)
at com.softserve.edu.opencart.pages.AHeadPage.getDropdownOptions(AHeadPage.java:179)
at com.softserve.edu.opencart.pages.AHeadPage.getDropdownOptions(AHeadPage.java:179)
at com.softserve.edu.opencart.pages.AHeadPage.getDropdownOptions(AHeadPage.java:179)
at com.softserve.edu.opencart.pages.AHeadPage.getDropdownOptions(AHeadPage.java:179)
at com.softserve.edu.opencart.pages.AHeadPage.getDropdownOptions(AHeadPage.java:179)
at com.softserve.edu.opencart.pages.AHeadPage.getDropdownOptions(AHeadPage.java:179)
at com.softserve.edu.opencart.pages.AHeadPage.getDropdownOptions(AHeadPage.java:179)
at com.softserve.edu.opencart.pages.AHeadPage.getDropdownOptions(AHeadPage.java:179)
]]>
    </error>
  </testcase> <!-- checkLogin -->
</testsuite> <!-- com.softserve.edu.opencart.test.RegistrationTest -->
