<?xml version="1.0" encoding="UTF-8"?>
<!-- Generated by org.testng.reporters.JUnitReportReporter -->
<testsuite skipped="0" hostname="DESKTOP-AAL18DJ" name="com.softserve.edu.RegistrationTest" tests="9" failures="0" timestamp="17 ноя 2018 14:24:25 GMT" time="145.893" errors="0">
  <testcase name="voidRegistration" time="9.709" classname="com.softserve.edu.RegistrationTest"/>
  <testcase name="maximumInputBV" time="27.959" classname="com.softserve.edu.RegistrationTest"/>
  <testcase name="trueRegistrationTest" time="12.209" classname="com.softserve.edu.RegistrationTest"/>
  <testcase name="registrationWithOutPrivacyPolicyButton" time="17.791" classname="com.softserve.edu.RegistrationTest"/>
  <testcase name="overMaximumInputBV" time="27.306" classname="com.softserve.edu.RegistrationTest"/>
  <testcase name="equivalencePartitioningTestInputValues" time="13.284" classname="com.softserve.edu.RegistrationTest"/>
  <testcase name="minimumInputBV" time="11.389" classname="com.softserve.edu.RegistrationTest"/>
  <testcase name="duplicateEmailInRegistration" time="14.513" classname="com.softserve.edu.RegistrationTest"/>
  <testcase name="unValidEmailInRegistration" time="11.733" classname="com.softserve.edu.RegistrationTest"/>
</testsuite> <!-- com.softserve.edu.RegistrationTest -->
