<?xml version="1.0" encoding="UTF-8"?>
<!-- Generated by org.testng.reporters.JUnitReportReporter -->
<testsuite skipped="0" hostname="DESKTOP-JKE93UK" name="com.softserve.edu.RegistrationTest" tests="9" failures="0" timestamp="16 ноя 2018 00:02:17 GMT" time="63.005" errors="0">
  <testcase name="maximumInputBV" time="6.643" classname="com.softserve.edu.RegistrationTest"/>
  <testcase name="trueRegistrationTest" time="3.711" classname="com.softserve.edu.RegistrationTest"/>
  <testcase name="duplicateEmailInRegistration" time="8.495" classname="com.softserve.edu.RegistrationTest"/>
  <testcase name="equivalencePartitioningTestInputValues" time="3.884" classname="com.softserve.edu.RegistrationTest"/>
  <testcase name="minimumInputBV" time="3.518" classname="com.softserve.edu.RegistrationTest"/>
  <testcase name="unValidEmailInRegistration" time="8.022" classname="com.softserve.edu.RegistrationTest"/>
  <testcase name="registrationWithOutPrivacyPolicyButton" time="8.344" classname="com.softserve.edu.RegistrationTest"/>
  <testcase name="voidRegistration" time="6.896" classname="com.softserve.edu.RegistrationTest"/>
  <testcase name="overMaximumInputBV" time="13.492" classname="com.softserve.edu.RegistrationTest"/>
</testsuite> <!-- com.softserve.edu.RegistrationTest -->
