<?xml version="1.0" encoding="UTF-8"?>
<!-- Generated by org.testng.reporters.JUnitReportReporter -->
<testsuite skipped="0" hostname="mariya-pc" name="com.softserve.edu.SeleniumSmoke" tests="1" failures="0" timestamp="09 Nov 2018 10:30:28 GMT" time="73.896" errors="0">
  <testcase name="testSeleniumSmoke" time="73.896" classname="com.softserve.edu.SeleniumSmoke"/>
</testsuite> <!-- com.softserve.edu.SeleniumSmoke -->
